2024-03-25 21:03:28,950 - openalex_search - INFO - Extracting full text from PDF URL: https://www.mdpi.com/2078-2489/10/11/348/pdf
2024-03-25 21:03:28,950 - openalex_search - INFO - Extracting full text from PDF URL: https://www.mdpi.com/2078-2489/10/11/348/pdf
2024-03-25 21:03:28,970 - openalex_search - INFO - Extracting full text from PDF URL: https://www.mdpi.com/2078-2489/10/11/348/pdf
2024-03-25 21:03:28,985 - openalex_search - INFO - Extracting full text from PDF URL: https://www.mdpi.com/2078-2489/10/11/348/pdf
2024-03-25 21:03:29,002 - openalex_search - INFO - Extracting full text from PDF URL: https://www.mdpi.com/2078-2489/10/11/348/pdf
2024-03-25 21:03:34,741 - openalex_search - INFO - Full text extracted from PDF: https://www.mdpi.com/2078-2489/10/11/348/pdf
2024-03-25 21:03:34,745 - openalex_search - INFO - Full text extracted successfully.
2024-03-25 21:03:34,834 - openalex_search - INFO - YAML file saved successfully: C:\Users\bnsoh2\OneDrive - University of Nebraska-Lincoln\Documents\Coding Projects\Automated_Lit_Revs\documents\section3\search_results\de116f497c7f49cd914449d2f54af17e60589153482558166e968f76397b2b5b.yaml
2024-03-25 21:03:34,835 - openalex_search - INFO - Saved paper data to: C:\Users\bnsoh2\OneDrive - University of Nebraska-Lincoln\Documents\Coding Projects\Automated_Lit_Revs\documents\section3\search_results\de116f497c7f49cd914449d2f54af17e60589153482558166e968f76397b2b5b.yaml
2024-03-25 21:03:35,398 - openalex_search - INFO - Full text extracted from PDF: https://www.mdpi.com/2078-2489/10/11/348/pdf
2024-03-25 21:03:35,398 - openalex_search - INFO - Full text extracted successfully.
2024-03-25 21:03:35,506 - openalex_search - INFO - YAML file saved successfully: C:\Users\bnsoh2\OneDrive - University of Nebraska-Lincoln\Documents\Coding Projects\Automated_Lit_Revs\documents\section3\search_results\9999f088de4bb0ffc1b71a9fb8faff872b81966b1dcdd1237ffb1b7c4892453c.yaml
2024-03-25 21:03:35,507 - openalex_search - INFO - Saved paper data to: C:\Users\bnsoh2\OneDrive - University of Nebraska-Lincoln\Documents\Coding Projects\Automated_Lit_Revs\documents\section3\search_results\9999f088de4bb0ffc1b71a9fb8faff872b81966b1dcdd1237ffb1b7c4892453c.yaml
2024-03-25 21:03:35,581 - openalex_search - INFO - Full text extracted from PDF: https://www.mdpi.com/2078-2489/10/11/348/pdf
2024-03-25 21:03:35,586 - openalex_search - INFO - Full text extracted successfully.
2024-03-25 21:03:35,723 - openalex_search - INFO - YAML file saved successfully: C:\Users\bnsoh2\OneDrive - University of Nebraska-Lincoln\Documents\Coding Projects\Automated_Lit_Revs\documents\section3\search_results\84610e9017daecfaeae16595f784df79089413e448a3d8cd71b9527ec889940a.yaml
2024-03-25 21:03:35,724 - openalex_search - INFO - Saved paper data to: C:\Users\bnsoh2\OneDrive - University of Nebraska-Lincoln\Documents\Coding Projects\Automated_Lit_Revs\documents\section3\search_results\84610e9017daecfaeae16595f784df79089413e448a3d8cd71b9527ec889940a.yaml
2024-03-25 21:03:42,028 - openalex_search - INFO - Extracting full text from PDF URL: https://www.mdpi.com/2073-4441/12/3/785/pdf
2024-03-25 21:04:30,225 - openalex_search - INFO - Full text extracted from PDF: https://www.mdpi.com/2078-2489/10/11/348/pdf
2024-03-25 21:04:46,133 - openalex_search - INFO - Full text extracted successfully.
2024-03-25 21:04:46,360 - openalex_search - INFO - YAML file saved successfully: C:\Users\bnsoh2\OneDrive - University of Nebraska-Lincoln\Documents\Coding Projects\Automated_Lit_Revs\documents\section3\search_results\9fc110fb989c2a3670bc5f1761e22183f4ecdd94ffc2869b625e9c1f9a4f7ffa.yaml
2024-03-25 21:04:46,361 - openalex_search - INFO - Saved paper data to: C:\Users\bnsoh2\OneDrive - University of Nebraska-Lincoln\Documents\Coding Projects\Automated_Lit_Revs\documents\section3\search_results\9fc110fb989c2a3670bc5f1761e22183f4ecdd94ffc2869b625e9c1f9a4f7ffa.yaml
2024-03-25 21:05:24,996 - openalex_search - ERROR - Error occurred while retrieving PDF from https://www.mdpi.com/2073-4441/12/3/785/pdf
2024-03-25 21:05:24,997 - openalex_search - ERROR - Error details: [WinError 10053] An established connection was aborted by the software in your host machine
2024-03-25 21:05:25,010 - openalex_search - INFO - Extracting full text from URL: https://www.mdpi.com/2073-4441/12/3/785/pdf
2024-03-25 21:05:25,011 - openalex_search - INFO - Extracting full text from URL: https://www.mdpi.com/2073-4441/12/3/785/pdf
2024-03-25 21:05:46,619 - openalex_search - INFO - Extracting full text from PDF URL: https://www.mdpi.com/2073-4441/12/3/785/pdf
2024-03-25 21:06:00,399 - openalex_search - INFO - Full text extracted from URL: https://www.mdpi.com/2073-4441/12/3/785/pdf
2024-03-25 21:06:00,400 - openalex_search - INFO - Full text extracted successfully.
2024-03-25 21:06:00,401 - openalex_search - INFO - Extracting full text from PDF URL: https://www.mdpi.com/2073-4395/9/7/404/pdf?version=1563687417
2024-03-25 21:08:15,980 - openalex_search - INFO - Extracting full text from PDF URL: https://www.mdpi.com/2073-4441/12/3/785/pdf
2024-03-25 21:08:44,467 - openalex_search - ERROR - Unexpected error occurred while extracting full text from https://www.mdpi.com/2078-2489/10/11/348/pdf
2024-03-25 21:08:44,467 - openalex_search - ERROR - Error details: 
2024-03-25 21:09:02,747 - openalex_search - INFO - Extracting full text from URL: https://www.mdpi.com/2078-2489/10/11/348/pdf
2024-03-25 21:09:02,748 - openalex_search - INFO - Extracting full text from URL: https://www.mdpi.com/2078-2489/10/11/348/pdf
2024-03-25 21:09:16,536 - openalex_search - INFO - Full text extracted from URL: https://www.mdpi.com/2078-2489/10/11/348/pdf
2024-03-25 21:09:16,536 - openalex_search - INFO - Full text extracted successfully.
2024-03-25 21:09:16,539 - openalex_search - INFO - YAML file saved successfully: C:\Users\bnsoh2\OneDrive - University of Nebraska-Lincoln\Documents\Coding Projects\Automated_Lit_Revs\documents\section3\search_results\38649193112e7e76af6a8a19e39f2c450cc3bfce7f8a9d682397936d50f5df96.yaml
2024-03-25 21:09:16,540 - openalex_search - INFO - Saved paper data to: C:\Users\bnsoh2\OneDrive - University of Nebraska-Lincoln\Documents\Coding Projects\Automated_Lit_Revs\documents\section3\search_results\38649193112e7e76af6a8a19e39f2c450cc3bfce7f8a9d682397936d50f5df96.yaml
2024-03-25 21:09:25,124 - openalex_search - INFO - Extracting full text from PDF URL: https://www.mdpi.com/2073-4441/12/3/785/pdf
2024-03-25 21:09:44,484 - openalex_search - ERROR - Error occurred while retrieving PDF from https://www.mdpi.com/2073-4395/9/7/404/pdf?version=1563687417
2024-03-25 21:09:44,485 - openalex_search - ERROR - Error details: Server disconnected
2024-03-25 21:09:44,487 - openalex_search - ERROR - Error occurred while retrieving PDF from https://www.mdpi.com/2073-4441/12/3/785/pdf
2024-03-25 21:09:44,489 - openalex_search - ERROR - Error details: Server disconnected
2024-03-25 21:09:48,543 - openalex_search - INFO - Extracting full text from URL: https://www.mdpi.com/2073-4395/9/7/404/pdf?version=1563687417
2024-03-25 21:09:48,544 - openalex_search - INFO - Extracting full text from URL: https://www.mdpi.com/2073-4395/9/7/404/pdf?version=1563687417
2024-03-25 21:09:49,860 - openalex_search - INFO - Extracting full text from URL: https://www.mdpi.com/2073-4441/12/3/785/pdf
2024-03-25 21:09:49,861 - openalex_search - INFO - Extracting full text from URL: https://www.mdpi.com/2073-4441/12/3/785/pdf
2024-03-25 21:09:57,988 - openalex_search - ERROR - Error occurred while retrieving PDF from https://www.mdpi.com/2073-4441/12/3/785/pdf
2024-03-25 21:09:57,990 - openalex_search - ERROR - Error details: Server disconnected
2024-03-25 21:10:08,537 - openalex_search - INFO - Extracting full text from URL: https://www.mdpi.com/2073-4441/12/3/785/pdf
2024-03-25 21:10:08,541 - openalex_search - INFO - Extracting full text from URL: https://www.mdpi.com/2073-4441/12/3/785/pdf
2024-03-25 21:10:16,106 - openalex_search - INFO - Full text extracted from URL: https://www.mdpi.com/2073-4395/9/7/404/pdf?version=1563687417
2024-03-25 21:10:16,107 - openalex_search - INFO - Full text extracted successfully.
2024-03-25 21:10:16,108 - openalex_search - INFO - Extracting full text from PDF URL: https://www.mdpi.com/2071-1050/14/23/16131/pdf?version=1670380983
2024-03-25 21:10:16,335 - openalex_search - INFO - Full text extracted from URL: https://www.mdpi.com/2073-4441/12/3/785/pdf
2024-03-25 21:10:16,335 - openalex_search - INFO - Full text extracted successfully.
2024-03-25 21:10:16,336 - openalex_search - INFO - Extracting full text from PDF URL: https://www.mdpi.com/2073-4395/9/7/404/pdf?version=1563687417
2024-03-25 21:10:26,142 - openalex_search - INFO - Full text extracted from URL: https://www.mdpi.com/2073-4441/12/3/785/pdf
2024-03-25 21:10:26,143 - openalex_search - INFO - Full text extracted successfully.
2024-03-25 21:10:26,145 - openalex_search - INFO - Extracting full text from PDF URL: https://www.mdpi.com/2073-4395/9/7/404/pdf?version=1563687417
2024-03-25 21:10:45,893 - openalex_search - INFO - Extracting full text from PDF URL: https://www.mdpi.com/2073-4441/12/3/785/pdf
2024-03-25 21:11:01,818 - openalex_search - ERROR - Error occurred while retrieving PDF from https://www.mdpi.com/2073-4441/12/3/785/pdf
2024-03-25 21:11:01,820 - openalex_search - ERROR - Error details: Server disconnected
2024-03-25 21:11:04,569 - openalex_search - INFO - Extracting full text from URL: https://www.mdpi.com/2073-4441/12/3/785/pdf
2024-03-25 21:11:04,570 - openalex_search - INFO - Extracting full text from URL: https://www.mdpi.com/2073-4441/12/3/785/pdf
2024-03-25 21:11:13,113 - openalex_search - ERROR - Error occurred while retrieving PDF from https://www.mdpi.com/2071-1050/14/23/16131/pdf?version=1670380983
2024-03-25 21:11:13,116 - openalex_search - ERROR - Error details: [WinError 10053] An established connection was aborted by the software in your host machine
2024-03-25 21:11:13,118 - openalex_search - ERROR - Error occurred while retrieving PDF from https://www.mdpi.com/2073-4395/9/7/404/pdf?version=1563687417
2024-03-25 21:11:13,119 - openalex_search - ERROR - Error details: [WinError 10053] An established connection was aborted by the software in your host machine
2024-03-25 21:11:19,477 - openalex_search - INFO - Extracting full text from URL: https://www.mdpi.com/2071-1050/14/23/16131/pdf?version=1670380983
2024-03-25 21:11:19,478 - openalex_search - INFO - Extracting full text from URL: https://www.mdpi.com/2071-1050/14/23/16131/pdf?version=1670380983
2024-03-25 21:11:20,678 - openalex_search - INFO - Extracting full text from URL: https://www.mdpi.com/2073-4395/9/7/404/pdf?version=1563687417
2024-03-25 21:11:20,678 - openalex_search - INFO - Extracting full text from URL: https://www.mdpi.com/2073-4395/9/7/404/pdf?version=1563687417
2024-03-25 21:11:26,920 - openalex_search - INFO - Full text extracted from URL: https://www.mdpi.com/2073-4441/12/3/785/pdf
2024-03-25 21:11:26,921 - openalex_search - INFO - Full text extracted successfully.
2024-03-25 21:11:26,921 - openalex_search - INFO - Extracting full text from PDF URL: https://www.mdpi.com/2073-4395/9/7/404/pdf?version=1563687417
2024-03-25 21:11:26,938 - openalex_search - ERROR - Error occurred while retrieving PDF from https://www.mdpi.com/2073-4395/9/7/404/pdf?version=1563687417
2024-03-25 21:11:26,939 - openalex_search - ERROR - Error details: [WinError 10053] An established connection was aborted by the software in your host machine
2024-03-25 21:11:32,179 - openalex_search - INFO - Extracting full text from URL: https://www.mdpi.com/2073-4395/9/7/404/pdf?version=1563687417
2024-03-25 21:11:32,180 - openalex_search - INFO - Extracting full text from URL: https://www.mdpi.com/2073-4395/9/7/404/pdf?version=1563687417
2024-03-25 21:11:40,899 - openalex_search - INFO - Full text extracted from URL: https://www.mdpi.com/2071-1050/14/23/16131/pdf?version=1670380983
2024-03-25 21:11:40,900 - openalex_search - INFO - Full text extracted successfully.
2024-03-25 21:11:40,901 - openalex_search - INFO - Extracting full text from PDF URL: https://www.mdpi.com/2072-4292/14/23/5962/pdf?version=1669353102
2024-03-25 21:11:41,186 - openalex_search - INFO - Full text extracted from URL: https://www.mdpi.com/2073-4395/9/7/404/pdf?version=1563687417
2024-03-25 21:11:41,187 - openalex_search - INFO - Full text extracted successfully.
2024-03-25 21:11:41,189 - openalex_search - INFO - Extracting full text from PDF URL: https://www.mdpi.com/2071-1050/14/23/16131/pdf?version=1670380983
2024-03-25 21:11:48,004 - openalex_search - INFO - Full text extracted from URL: https://www.mdpi.com/2073-4395/9/7/404/pdf?version=1563687417
2024-03-25 21:11:48,005 - openalex_search - INFO - Full text extracted successfully.
2024-03-25 21:11:48,006 - openalex_search - INFO - Extracting full text from PDF URL: https://www.mdpi.com/2071-1050/14/23/16131/pdf?version=1670380983
2024-03-25 21:11:59,857 - openalex_search - ERROR - Error occurred while retrieving PDF from https://www.mdpi.com/2073-4441/12/3/785/pdf
2024-03-25 21:11:59,858 - openalex_search - ERROR - Error details: Server disconnected
2024-03-25 21:12:04,180 - openalex_search - INFO - Extracting full text from URL: https://www.mdpi.com/2073-4441/12/3/785/pdf
2024-03-25 21:12:04,182 - openalex_search - INFO - Extracting full text from URL: https://www.mdpi.com/2073-4441/12/3/785/pdf
2024-03-25 21:12:17,543 - openalex_search - INFO - Full text extracted from URL: https://www.mdpi.com/2073-4441/12/3/785/pdf
2024-03-25 21:12:17,544 - openalex_search - INFO - Full text extracted successfully.
2024-03-25 21:12:17,545 - openalex_search - INFO - Extracting full text from PDF URL: https://www.mdpi.com/2073-4395/9/7/404/pdf?version=1563687417
2024-03-25 21:12:21,382 - openalex_search - ERROR - Error occurred while retrieving PDF from https://www.mdpi.com/2073-4395/9/7/404/pdf?version=1563687417
2024-03-25 21:12:21,383 - openalex_search - ERROR - Error details: [WinError 10053] An established connection was aborted by the software in your host machine
2024-03-25 21:12:35,807 - openalex_search - INFO - Extracting full text from URL: https://www.mdpi.com/2073-4395/9/7/404/pdf?version=1563687417
2024-03-25 21:12:35,808 - openalex_search - INFO - Extracting full text from URL: https://www.mdpi.com/2073-4395/9/7/404/pdf?version=1563687417
2024-03-25 21:13:04,973 - openalex_search - ERROR - Error occurred while retrieving PDF from https://www.mdpi.com/2071-1050/14/23/16131/pdf?version=1670380983
2024-03-25 21:13:04,975 - openalex_search - ERROR - Error details: Server disconnected
2024-03-25 21:13:04,977 - openalex_search - ERROR - Error occurred while retrieving PDF from https://www.mdpi.com/2072-4292/14/23/5962/pdf?version=1669353102
2024-03-25 21:13:04,978 - openalex_search - ERROR - Error details: Server disconnected
2024-03-25 21:13:08,367 - openalex_search - INFO - Full text extracted from URL: https://www.mdpi.com/2073-4395/9/7/404/pdf?version=1563687417
2024-03-25 21:13:08,369 - openalex_search - INFO - Full text extracted successfully.
2024-03-25 21:13:08,370 - openalex_search - INFO - Extracting full text from PDF URL: https://www.mdpi.com/2071-1050/14/23/16131/pdf?version=1670380983
2024-03-25 21:13:08,374 - openalex_search - INFO - Extracting full text from URL: https://www.mdpi.com/2071-1050/14/23/16131/pdf?version=1670380983
2024-03-25 21:13:08,375 - openalex_search - INFO - Extracting full text from URL: https://www.mdpi.com/2071-1050/14/23/16131/pdf?version=1670380983
2024-03-25 21:13:09,647 - openalex_search - INFO - Extracting full text from URL: https://www.mdpi.com/2072-4292/14/23/5962/pdf?version=1669353102
2024-03-25 21:13:09,649 - openalex_search - INFO - Extracting full text from URL: https://www.mdpi.com/2072-4292/14/23/5962/pdf?version=1669353102
2024-03-25 21:13:11,423 - openalex_search - ERROR - Error occurred while retrieving PDF from https://www.mdpi.com/2071-1050/14/23/16131/pdf?version=1670380983
2024-03-25 21:13:11,424 - openalex_search - ERROR - Error details: [WinError 10053] An established connection was aborted by the software in your host machine
2024-03-25 21:13:15,753 - openalex_search - INFO - Extracting full text from URL: https://www.mdpi.com/2071-1050/14/23/16131/pdf?version=1670380983
2024-03-25 21:13:15,755 - openalex_search - INFO - Extracting full text from URL: https://www.mdpi.com/2071-1050/14/23/16131/pdf?version=1670380983
2024-03-25 21:13:44,646 - openalex_search - INFO - Full text extracted from URL: https://www.mdpi.com/2071-1050/14/23/16131/pdf?version=1670380983
2024-03-25 21:13:44,647 - openalex_search - INFO - Full text extracted successfully.
2024-03-25 21:13:44,647 - openalex_search - INFO - Extracting full text from PDF URL: https://www.mdpi.com/2072-4292/14/23/5962/pdf?version=1669353102
2024-03-25 21:13:44,947 - openalex_search - INFO - Full text extracted from URL: https://www.mdpi.com/2072-4292/14/23/5962/pdf?version=1669353102
2024-03-25 21:13:44,947 - openalex_search - INFO - Full text extracted successfully.
2024-03-25 21:13:44,947 - openalex_search - INFO - Full text extracted successfully.
2024-03-25 21:13:44,947 - openalex_search - INFO - Full text extracted successfully.
2024-03-25 21:13:44,947 - openalex_search - INFO - Extracting full text from PDF URL: https://smijournal.org/index.php/smij/article/download/19/20
2024-03-25 21:13:49,802 - openalex_search - INFO - Full text extracted from URL: https://www.mdpi.com/2071-1050/14/23/16131/pdf?version=1670380983
2024-03-25 21:13:49,803 - openalex_search - INFO - Full text extracted successfully.
2024-03-25 21:13:49,804 - openalex_search - INFO - Extracting full text from PDF URL: https://www.mdpi.com/2072-4292/14/23/5962/pdf?version=1669353102
2024-03-25 21:13:58,386 - openalex_search - ERROR - Error occurred while retrieving PDF from https://www.mdpi.com/2073-4395/9/7/404/pdf?version=1563687417
2024-03-25 21:13:58,386 - openalex_search - ERROR - Error details: Server disconnected
2024-03-25 21:13:58,918 - openalex_search - INFO - Extracting full text from URL: https://www.mdpi.com/2073-4395/9/7/404/pdf?version=1563687417
2024-03-25 21:13:58,920 - openalex_search - INFO - Extracting full text from URL: https://www.mdpi.com/2073-4395/9/7/404/pdf?version=1563687417
2024-03-25 21:14:05,565 - openalex_search - INFO - Full text extracted from URL: https://www.mdpi.com/2073-4395/9/7/404/pdf?version=1563687417
2024-03-25 21:14:05,567 - openalex_search - INFO - Full text extracted successfully.
2024-03-25 21:14:05,568 - openalex_search - INFO - Extracting full text from PDF URL: https://www.mdpi.com/2071-1050/14/23/16131/pdf?version=1670380983
2024-03-25 21:15:13,977 - openalex_search - ERROR - Error: Cannot open PDF file from https://smijournal.org/index.php/smij/article/download/19/20
2024-03-25 21:15:25,326 - openalex_search - ERROR - Error occurred while retrieving PDF from https://www.mdpi.com/2072-4292/14/23/5962/pdf?version=1669353102
2024-03-25 21:15:25,328 - openalex_search - ERROR - Error details: Server disconnected
2024-03-25 21:15:25,329 - openalex_search - ERROR - Error occurred while retrieving PDF from https://www.mdpi.com/2071-1050/14/23/16131/pdf?version=1670380983
2024-03-25 21:15:25,329 - openalex_search - ERROR - Error details: [WinError 10053] An established connection was aborted by the software in your host machine
2024-03-25 21:15:25,331 - openalex_search - ERROR - Error occurred while retrieving PDF from https://www.mdpi.com/2071-1050/14/23/16131/pdf?version=1670380983
2024-03-25 21:15:25,331 - openalex_search - ERROR - Error details: [WinError 10053] An established connection was aborted by the software in your host machine
2024-03-25 21:15:25,334 - openalex_search - INFO - Extracting full text from URL: https://smijournal.org/index.php/smij/article/download/19/20
2024-03-25 21:15:25,335 - openalex_search - INFO - Extracting full text from URL: https://smijournal.org/index.php/smij/article/download/19/20
2024-03-25 21:15:26,949 - openalex_search - INFO - Extracting full text from URL: https://www.mdpi.com/2072-4292/14/23/5962/pdf?version=1669353102
2024-03-25 21:15:26,954 - openalex_search - INFO - Extracting full text from URL: https://www.mdpi.com/2072-4292/14/23/5962/pdf?version=1669353102
2024-03-25 21:15:28,455 - openalex_search - INFO - Extracting full text from URL: https://www.mdpi.com/2071-1050/14/23/16131/pdf?version=1670380983
2024-03-25 21:15:28,455 - openalex_search - INFO - Extracting full text from URL: https://www.mdpi.com/2071-1050/14/23/16131/pdf?version=1670380983
2024-03-25 21:15:30,050 - openalex_search - INFO - Extracting full text from URL: https://www.mdpi.com/2071-1050/14/23/16131/pdf?version=1670380983
2024-03-25 21:15:30,050 - openalex_search - INFO - Extracting full text from URL: https://www.mdpi.com/2071-1050/14/23/16131/pdf?version=1670380983
2024-03-25 21:15:31,351 - openalex_search - ERROR - Error occurred while retrieving PDF from https://www.mdpi.com/2072-4292/14/23/5962/pdf?version=1669353102
2024-03-25 21:15:31,351 - openalex_search - ERROR - Error details: [WinError 10053] An established connection was aborted by the software in your host machine
2024-03-25 21:15:42,065 - openalex_search - INFO - Extracting full text from URL: https://www.mdpi.com/2072-4292/14/23/5962/pdf?version=1669353102
2024-03-25 21:15:42,065 - openalex_search - INFO - Extracting full text from URL: https://www.mdpi.com/2072-4292/14/23/5962/pdf?version=1669353102
2024-03-25 21:15:55,251 - openalex_search - INFO - Full text extracted from URL: https://smijournal.org/index.php/smij/article/download/19/20
2024-03-25 21:15:55,251 - openalex_search - INFO - Full text extracted successfully.
2024-03-25 21:15:55,257 - openalex_search - INFO - Extracting full text from PDF URL: https://www.researchsquare.com/article/rs-3137542/latest.pdf
2024-03-25 21:15:55,534 - openalex_search - INFO - Full text extracted from URL: https://www.mdpi.com/2072-4292/14/23/5962/pdf?version=1669353102
2024-03-25 21:15:55,534 - openalex_search - INFO - Full text extracted successfully.
2024-03-25 21:15:55,534 - openalex_search - INFO - Full text extracted successfully.
2024-03-25 21:15:55,534 - openalex_search - INFO - Full text extracted successfully.
2024-03-25 21:15:55,534 - openalex_search - INFO - Extracting full text from PDF URL: https://smijournal.org/index.php/smij/article/download/19/20
2024-03-25 21:15:55,801 - openalex_search - INFO - Full text extracted from URL: https://www.mdpi.com/2071-1050/14/23/16131/pdf?version=1670380983
2024-03-25 21:15:55,801 - openalex_search - INFO - Full text extracted successfully.
2024-03-25 21:15:55,801 - openalex_search - INFO - Extracting full text from PDF URL: https://www.mdpi.com/2072-4292/14/23/5962/pdf?version=1669353102
2024-03-25 21:15:56,134 - openalex_search - INFO - Full text extracted from URL: https://www.mdpi.com/2071-1050/14/23/16131/pdf?version=1670380983
2024-03-25 21:15:56,134 - openalex_search - INFO - Full text extracted successfully.
2024-03-25 21:15:56,134 - openalex_search - INFO - Extracting full text from PDF URL: https://www.mdpi.com/2072-4292/14/23/5962/pdf?version=1669353102
2024-03-25 21:16:04,207 - openalex_search - INFO - Full text extracted from URL: https://www.mdpi.com/2072-4292/14/23/5962/pdf?version=1669353102
2024-03-25 21:16:04,207 - openalex_search - INFO - Full text extracted successfully.
2024-03-25 21:16:04,207 - openalex_search - INFO - Full text extracted successfully.
2024-03-25 21:16:04,207 - openalex_search - INFO - Full text extracted successfully.
2024-03-25 21:16:04,213 - openalex_search - INFO - Extracting full text from PDF URL: https://smijournal.org/index.php/smij/article/download/19/20
2024-03-25 21:17:08,110 - openalex_search - ERROR - Error occurred while retrieving PDF from https://smijournal.org/index.php/smij/article/download/19/20
2024-03-25 21:17:08,111 - openalex_search - ERROR - Error details: Server disconnected
2024-03-25 21:17:13,862 - openalex_search - INFO - Extracting full text from URL: https://smijournal.org/index.php/smij/article/download/19/20
2024-03-25 21:17:13,863 - openalex_search - INFO - Extracting full text from URL: https://smijournal.org/index.php/smij/article/download/19/20
2024-03-25 21:17:26,942 - openalex_search - ERROR - Error occurred while retrieving PDF from https://www.researchsquare.com/article/rs-3137542/latest.pdf
2024-03-25 21:17:26,943 - openalex_search - ERROR - Error details: Server disconnected
2024-03-25 21:17:26,944 - openalex_search - ERROR - Error occurred while retrieving PDF from https://www.mdpi.com/2072-4292/14/23/5962/pdf?version=1669353102
2024-03-25 21:17:26,945 - openalex_search - ERROR - Error details: Server disconnected
2024-03-25 21:17:26,946 - openalex_search - ERROR - Error occurred while retrieving PDF from https://www.mdpi.com/2072-4292/14/23/5962/pdf?version=1669353102
2024-03-25 21:17:26,948 - openalex_search - ERROR - Error details: Server disconnected
2024-03-25 21:17:35,677 - openalex_search - INFO - Full text extracted from URL: https://smijournal.org/index.php/smij/article/download/19/20
2024-03-25 21:17:35,679 - openalex_search - INFO - Full text extracted successfully.
2024-03-25 21:17:35,680 - openalex_search - INFO - Extracting full text from PDF URL: https://www.researchsquare.com/article/rs-3137542/latest.pdf
2024-03-25 21:17:35,705 - openalex_search - INFO - Extracting full text from URL: https://www.researchsquare.com/article/rs-3137542/latest.pdf
2024-03-25 21:17:35,707 - openalex_search - INFO - Extracting full text from URL: https://www.researchsquare.com/article/rs-3137542/latest.pdf
2024-03-25 21:17:37,251 - openalex_search - INFO - Extracting full text from URL: https://www.mdpi.com/2072-4292/14/23/5962/pdf?version=1669353102
2024-03-25 21:17:37,252 - openalex_search - INFO - Extracting full text from URL: https://www.mdpi.com/2072-4292/14/23/5962/pdf?version=1669353102
2024-03-25 21:17:38,666 - openalex_search - INFO - Extracting full text from URL: https://www.mdpi.com/2072-4292/14/23/5962/pdf?version=1669353102
2024-03-25 21:17:38,667 - openalex_search - INFO - Extracting full text from URL: https://www.mdpi.com/2072-4292/14/23/5962/pdf?version=1669353102
2024-03-25 21:18:09,762 - openalex_search - INFO - Full text extracted from URL: https://www.researchsquare.com/article/rs-3137542/latest.pdf
2024-03-25 21:18:09,763 - openalex_search - INFO - Extracting full text from DOI: https://doi.org/10.21203/rs.3.rs-3137542/v1
2024-03-25 21:18:09,764 - openalex_search - INFO - Extracting full text from DOI: https://doi.org/10.21203/rs.3.rs-3137542/v1
2024-03-25 21:18:12,156 - openalex_search - INFO - Full text extracted from URL: https://www.mdpi.com/2072-4292/14/23/5962/pdf?version=1669353102
2024-03-25 21:18:12,157 - openalex_search - INFO - Full text extracted successfully.
2024-03-25 21:18:12,158 - openalex_search - INFO - Full text extracted successfully.
2024-03-25 21:18:12,159 - openalex_search - INFO - Full text extracted successfully.
2024-03-25 21:18:12,160 - openalex_search - INFO - Extracting full text from PDF URL: https://smijournal.org/index.php/smij/article/download/19/20
2024-03-25 21:18:12,479 - openalex_search - INFO - Full text extracted from URL: https://www.mdpi.com/2072-4292/14/23/5962/pdf?version=1669353102
2024-03-25 21:18:12,480 - openalex_search - INFO - Full text extracted successfully.
2024-03-25 21:18:12,482 - openalex_search - INFO - Full text extracted successfully.
2024-03-25 21:18:12,483 - openalex_search - INFO - Full text extracted successfully.
2024-03-25 21:18:12,484 - openalex_search - INFO - Extracting full text from PDF URL: https://smijournal.org/index.php/smij/article/download/19/20
2024-03-25 21:18:23,860 - openalex_search - ERROR - Error: Cannot open PDF file from https://smijournal.org/index.php/smij/article/download/19/20
2024-03-25 21:18:24,171 - openalex_search - INFO - Full text extracted from DOI: https://doi.org/10.21203/rs.3.rs-3137542/v1
2024-03-25 21:18:24,171 - openalex_search - INFO - Full text extracted successfully.
2024-03-25 21:18:24,171 - openalex_search - INFO - Extracting full text from PDF URL: https://api.taylorfrancis.com/content/chapters/oa-edit/download?identifierName=doi&identifierValue=10.1201/b19336-4&type=chapterpdf
2024-03-25 21:18:24,191 - openalex_search - INFO - Extracting full text from URL: https://smijournal.org/index.php/smij/article/download/19/20
2024-03-25 21:18:24,192 - openalex_search - INFO - Extracting full text from URL: https://smijournal.org/index.php/smij/article/download/19/20
2024-03-25 21:18:37,150 - openalex_search - INFO - Full text extracted from URL: https://smijournal.org/index.php/smij/article/download/19/20
2024-03-25 21:18:37,150 - openalex_search - INFO - Full text extracted successfully.
2024-03-25 21:18:37,150 - openalex_search - INFO - Extracting full text from PDF URL: https://www.researchsquare.com/article/rs-3137542/latest.pdf
2024-03-25 21:18:51,150 - openalex_search - ERROR - Error occurred while retrieving PDF from https://www.researchsquare.com/article/rs-3137542/latest.pdf
2024-03-25 21:18:51,150 - openalex_search - ERROR - Error details: [WinError 10053] An established connection was aborted by the software in your host machine
2024-03-25 21:18:51,170 - openalex_search - INFO - Extracting full text from URL: https://www.researchsquare.com/article/rs-3137542/latest.pdf
2024-03-25 21:18:51,170 - openalex_search - INFO - Extracting full text from URL: https://www.researchsquare.com/article/rs-3137542/latest.pdf
2024-03-25 21:19:11,647 - openalex_search - INFO - Full text extracted from URL: https://www.researchsquare.com/article/rs-3137542/latest.pdf
2024-03-25 21:19:11,647 - openalex_search - INFO - Extracting full text from DOI: https://doi.org/10.21203/rs.3.rs-3137542/v1
2024-03-25 21:19:11,647 - openalex_search - INFO - Extracting full text from DOI: https://doi.org/10.21203/rs.3.rs-3137542/v1
2024-03-25 21:19:23,708 - openalex_search - INFO - Full text extracted from DOI: https://doi.org/10.21203/rs.3.rs-3137542/v1
2024-03-25 21:19:23,709 - openalex_search - INFO - Full text extracted successfully.
2024-03-25 21:19:23,710 - openalex_search - INFO - Extracting full text from PDF URL: https://api.taylorfrancis.com/content/chapters/oa-edit/download?identifierName=doi&identifierValue=10.1201/b19336-4&type=chapterpdf
2024-03-25 21:19:23,725 - openalex_search - ERROR - Error occurred while retrieving PDF from https://api.taylorfrancis.com/content/chapters/oa-edit/download?identifierName=doi&identifierValue=10.1201/b19336-4&type=chapterpdf
2024-03-25 21:19:23,725 - openalex_search - ERROR - Error details: [WinError 10053] An established connection was aborted by the software in your host machine
2024-03-25 21:19:23,739 - openalex_search - INFO - Extracting full text from URL: https://api.taylorfrancis.com/content/chapters/oa-edit/download?identifierName=doi&identifierValue=10.1201/b19336-4&type=chapterpdf
2024-03-25 21:19:23,740 - openalex_search - INFO - Extracting full text from URL: https://api.taylorfrancis.com/content/chapters/oa-edit/download?identifierName=doi&identifierValue=10.1201/b19336-4&type=chapterpdf
2024-03-25 21:19:40,477 - openalex_search - INFO - Full text extracted from URL: https://api.taylorfrancis.com/content/chapters/oa-edit/download?identifierName=doi&identifierValue=10.1201/b19336-4&type=chapterpdf
2024-03-25 21:19:40,478 - openalex_search - INFO - Full text extracted successfully.
2024-03-25 21:19:40,488 - openalex_search - INFO - YAML file saved successfully: C:\Users\bnsoh2\OneDrive - University of Nebraska-Lincoln\Documents\Coding Projects\Automated_Lit_Revs\documents\section3\search_results\4d6638b0a0d13684857fd49e5fe58a6f44771f0625e0b0ea5b0a2a9ec884aeb4.yaml
2024-03-25 21:19:40,490 - openalex_search - INFO - Saved paper data to: C:\Users\bnsoh2\OneDrive - University of Nebraska-Lincoln\Documents\Coding Projects\Automated_Lit_Revs\documents\section3\search_results\4d6638b0a0d13684857fd49e5fe58a6f44771f0625e0b0ea5b0a2a9ec884aeb4.yaml
2024-03-25 21:20:00,695 - openalex_search - ERROR - Error occurred while retrieving PDF from https://www.researchsquare.com/article/rs-3137542/latest.pdf
2024-03-25 21:20:00,695 - openalex_search - ERROR - Error details: [WinError 10053] An established connection was aborted by the software in your host machine
2024-03-25 21:20:00,726 - openalex_search - INFO - Extracting full text from URL: https://www.researchsquare.com/article/rs-3137542/latest.pdf
2024-03-25 21:20:00,727 - openalex_search - INFO - Extracting full text from URL: https://www.researchsquare.com/article/rs-3137542/latest.pdf
2024-03-25 21:20:33,545 - openalex_search - ERROR - Error: Cannot open PDF file from https://smijournal.org/index.php/smij/article/download/19/20
2024-03-25 21:20:33,545 - openalex_search - ERROR - Error: Cannot open PDF file from https://smijournal.org/index.php/smij/article/download/19/20
2024-03-25 21:20:38,147 - openalex_search - INFO - Full text extracted from URL: https://www.researchsquare.com/article/rs-3137542/latest.pdf
2024-03-25 21:20:38,148 - openalex_search - INFO - Extracting full text from DOI: https://doi.org/10.21203/rs.3.rs-3137542/v1
2024-03-25 21:20:38,148 - openalex_search - INFO - Extracting full text from DOI: https://doi.org/10.21203/rs.3.rs-3137542/v1
2024-03-25 21:20:43,855 - openalex_search - ERROR - Error occurred while retrieving PDF from https://api.taylorfrancis.com/content/chapters/oa-edit/download?identifierName=doi&identifierValue=10.1201/b19336-4&type=chapterpdf
2024-03-25 21:20:43,856 - openalex_search - ERROR - Error details: [WinError 10053] An established connection was aborted by the software in your host machine
2024-03-25 21:20:43,860 - openalex_search - INFO - Extracting full text from URL: https://smijournal.org/index.php/smij/article/download/19/20
2024-03-25 21:20:43,862 - openalex_search - INFO - Extracting full text from URL: https://smijournal.org/index.php/smij/article/download/19/20
2024-03-25 21:20:45,801 - openalex_search - INFO - Extracting full text from URL: https://smijournal.org/index.php/smij/article/download/19/20
2024-03-25 21:20:45,803 - openalex_search - INFO - Extracting full text from URL: https://smijournal.org/index.php/smij/article/download/19/20
2024-03-25 21:20:50,880 - openalex_search - INFO - Extracting full text from URL: https://api.taylorfrancis.com/content/chapters/oa-edit/download?identifierName=doi&identifierValue=10.1201/b19336-4&type=chapterpdf
2024-03-25 21:20:50,881 - openalex_search - INFO - Extracting full text from URL: https://api.taylorfrancis.com/content/chapters/oa-edit/download?identifierName=doi&identifierValue=10.1201/b19336-4&type=chapterpdf
2024-03-25 21:20:56,365 - openalex_search - INFO - Full text extracted from DOI: https://doi.org/10.21203/rs.3.rs-3137542/v1
2024-03-25 21:20:56,370 - openalex_search - INFO - Full text extracted successfully.
2024-03-25 21:20:56,371 - openalex_search - INFO - Extracting full text from PDF URL: https://api.taylorfrancis.com/content/chapters/oa-edit/download?identifierName=doi&identifierValue=10.1201/b19336-4&type=chapterpdf
2024-03-25 21:21:02,044 - openalex_search - INFO - Full text extracted from URL: https://smijournal.org/index.php/smij/article/download/19/20
2024-03-25 21:21:02,045 - openalex_search - INFO - Full text extracted successfully.
2024-03-25 21:21:02,045 - openalex_search - INFO - Extracting full text from PDF URL: https://www.researchsquare.com/article/rs-3137542/latest.pdf
2024-03-25 21:21:02,306 - openalex_search - INFO - Full text extracted from URL: https://smijournal.org/index.php/smij/article/download/19/20
2024-03-25 21:21:02,306 - openalex_search - INFO - Full text extracted successfully.
2024-03-25 21:21:02,306 - openalex_search - INFO - Extracting full text from PDF URL: https://www.researchsquare.com/article/rs-3137542/latest.pdf
2024-03-25 21:21:05,550 - openalex_search - INFO - Full text extracted from URL: https://api.taylorfrancis.com/content/chapters/oa-edit/download?identifierName=doi&identifierValue=10.1201/b19336-4&type=chapterpdf
2024-03-25 21:21:05,555 - openalex_search - INFO - Full text extracted successfully.
2024-03-25 21:21:05,587 - openalex_search - INFO - YAML file saved successfully: C:\Users\bnsoh2\OneDrive - University of Nebraska-Lincoln\Documents\Coding Projects\Automated_Lit_Revs\documents\section3\search_results\e4d4cf11c036ff5c8f4ea562022eb6ae47188dcd0011cc2475823f061b27b192.yaml
2024-03-25 21:21:05,590 - openalex_search - INFO - Saved paper data to: C:\Users\bnsoh2\OneDrive - University of Nebraska-Lincoln\Documents\Coding Projects\Automated_Lit_Revs\documents\section3\search_results\e4d4cf11c036ff5c8f4ea562022eb6ae47188dcd0011cc2475823f061b27b192.yaml
2024-03-25 21:21:27,148 - openalex_search - INFO - YAML file saved successfully: C:\Users\bnsoh2\OneDrive - University of Nebraska-Lincoln\Documents\Coding Projects\Automated_Lit_Revs\documents\section3\search_results\9532d58ab31ed81b09bce2509aa047aaa2e7b02ad51a47cc4b7ca4e779f70511.yaml
2024-03-25 21:21:27,149 - openalex_search - INFO - Saved paper data to: C:\Users\bnsoh2\OneDrive - University of Nebraska-Lincoln\Documents\Coding Projects\Automated_Lit_Revs\documents\section3\search_results\9532d58ab31ed81b09bce2509aa047aaa2e7b02ad51a47cc4b7ca4e779f70511.yaml
2024-03-25 21:21:50,272 - openalex_search - ERROR - Error occurred while retrieving PDF from https://api.taylorfrancis.com/content/chapters/oa-edit/download?identifierName=doi&identifierValue=10.1201/b19336-4&type=chapterpdf
2024-03-25 21:21:50,273 - openalex_search - ERROR - Error details: [WinError 10053] An established connection was aborted by the software in your host machine
2024-03-25 21:21:50,295 - openalex_search - INFO - Extracting full text from URL: https://api.taylorfrancis.com/content/chapters/oa-edit/download?identifierName=doi&identifierValue=10.1201/b19336-4&type=chapterpdf
2024-03-25 21:21:50,297 - openalex_search - INFO - Extracting full text from URL: https://api.taylorfrancis.com/content/chapters/oa-edit/download?identifierName=doi&identifierValue=10.1201/b19336-4&type=chapterpdf
2024-03-25 21:21:52,391 - openalex_search - ERROR - Error occurred while retrieving PDF from https://www.researchsquare.com/article/rs-3137542/latest.pdf
2024-03-25 21:21:52,392 - openalex_search - ERROR - Error details: [WinError 10053] An established connection was aborted by the software in your host machine
2024-03-25 21:21:52,392 - openalex_search - ERROR - Error occurred while retrieving PDF from https://www.researchsquare.com/article/rs-3137542/latest.pdf
2024-03-25 21:21:52,393 - openalex_search - ERROR - Error details: [WinError 10053] An established connection was aborted by the software in your host machine
2024-03-25 21:21:55,304 - openalex_search - INFO - Extracting full text from URL: https://www.researchsquare.com/article/rs-3137542/latest.pdf
2024-03-25 21:21:55,304 - openalex_search - INFO - Extracting full text from URL: https://www.researchsquare.com/article/rs-3137542/latest.pdf
2024-03-25 21:21:56,453 - openalex_search - INFO - Extracting full text from URL: https://www.researchsquare.com/article/rs-3137542/latest.pdf
2024-03-25 21:21:56,455 - openalex_search - INFO - Extracting full text from URL: https://www.researchsquare.com/article/rs-3137542/latest.pdf
2024-03-25 21:21:58,308 - openalex_search - INFO - Full text extracted from URL: https://api.taylorfrancis.com/content/chapters/oa-edit/download?identifierName=doi&identifierValue=10.1201/b19336-4&type=chapterpdf
2024-03-25 21:21:58,309 - openalex_search - INFO - Full text extracted successfully.
2024-03-25 21:21:58,320 - openalex_search - INFO - YAML file saved successfully: C:\Users\bnsoh2\OneDrive - University of Nebraska-Lincoln\Documents\Coding Projects\Automated_Lit_Revs\documents\section3\search_results\84867b069a5a1d4ec5e4ef56c292886d5169f1aaee2e85c2fcd4978829e4ec5a.yaml
2024-03-25 21:21:58,322 - openalex_search - INFO - Saved paper data to: C:\Users\bnsoh2\OneDrive - University of Nebraska-Lincoln\Documents\Coding Projects\Automated_Lit_Revs\documents\section3\search_results\84867b069a5a1d4ec5e4ef56c292886d5169f1aaee2e85c2fcd4978829e4ec5a.yaml
2024-03-25 21:21:58,484 - openalex_search - INFO - Full text extracted from URL: https://www.researchsquare.com/article/rs-3137542/latest.pdf
2024-03-25 21:21:58,485 - openalex_search - INFO - Extracting full text from DOI: https://doi.org/10.21203/rs.3.rs-3137542/v1
2024-03-25 21:21:58,486 - openalex_search - INFO - Extracting full text from DOI: https://doi.org/10.21203/rs.3.rs-3137542/v1
2024-03-25 21:22:03,973 - openalex_search - INFO - Full text extracted from URL: https://www.researchsquare.com/article/rs-3137542/latest.pdf
2024-03-25 21:22:03,973 - openalex_search - INFO - Extracting full text from DOI: https://doi.org/10.21203/rs.3.rs-3137542/v1
2024-03-25 21:22:03,979 - openalex_search - INFO - Extracting full text from DOI: https://doi.org/10.21203/rs.3.rs-3137542/v1
2024-03-25 21:22:06,488 - openalex_search - INFO - YAML file saved successfully: C:\Users\bnsoh2\OneDrive - University of Nebraska-Lincoln\Documents\Coding Projects\Automated_Lit_Revs\documents\section3\search_results\4fac7b5e337e3a3a243d713910fa0d3784d7ed9f427660c66c9470d33fe05ff8.yaml
2024-03-25 21:22:06,489 - openalex_search - INFO - Saved paper data to: C:\Users\bnsoh2\OneDrive - University of Nebraska-Lincoln\Documents\Coding Projects\Automated_Lit_Revs\documents\section3\search_results\4fac7b5e337e3a3a243d713910fa0d3784d7ed9f427660c66c9470d33fe05ff8.yaml
2024-03-25 21:22:07,290 - openalex_search - INFO - Full text extracted from DOI: https://doi.org/10.21203/rs.3.rs-3137542/v1
2024-03-25 21:22:07,291 - openalex_search - INFO - Full text extracted successfully.
2024-03-25 21:22:07,292 - openalex_search - INFO - Extracting full text from PDF URL: https://api.taylorfrancis.com/content/chapters/oa-edit/download?identifierName=doi&identifierValue=10.1201/b19336-4&type=chapterpdf
2024-03-25 21:22:08,783 - openalex_search - INFO - Full text extracted from DOI: https://doi.org/10.21203/rs.3.rs-3137542/v1
2024-03-25 21:22:08,785 - openalex_search - INFO - Full text extracted successfully.
2024-03-25 21:22:08,787 - openalex_search - INFO - Extracting full text from PDF URL: https://api.taylorfrancis.com/content/chapters/oa-edit/download?identifierName=doi&identifierValue=10.1201/b19336-4&type=chapterpdf
2024-03-25 21:22:08,812 - openalex_search - INFO - YAML file saved successfully: C:\Users\bnsoh2\OneDrive - University of Nebraska-Lincoln\Documents\Coding Projects\Automated_Lit_Revs\documents\section3\search_results\589d1b2d0a4525f361d5ff2b1ace88eca180ca0e718808cff922f78f122aab33.yaml
2024-03-25 21:22:08,822 - openalex_search - INFO - Saved paper data to: C:\Users\bnsoh2\OneDrive - University of Nebraska-Lincoln\Documents\Coding Projects\Automated_Lit_Revs\documents\section3\search_results\589d1b2d0a4525f361d5ff2b1ace88eca180ca0e718808cff922f78f122aab33.yaml
2024-03-25 21:22:11,397 - openalex_search - INFO - YAML file saved successfully: C:\Users\bnsoh2\OneDrive - University of Nebraska-Lincoln\Documents\Coding Projects\Automated_Lit_Revs\documents\section3\search_results\d2f6aba03b207eeb81edbaf595f67803318ee1a8194e82164a16b2ff8e0c7bb3.yaml
2024-03-25 21:22:11,403 - openalex_search - INFO - Saved paper data to: C:\Users\bnsoh2\OneDrive - University of Nebraska-Lincoln\Documents\Coding Projects\Automated_Lit_Revs\documents\section3\search_results\d2f6aba03b207eeb81edbaf595f67803318ee1a8194e82164a16b2ff8e0c7bb3.yaml
2024-03-25 21:23:41,112 - openalex_search - INFO - YAML file saved successfully: C:\Users\bnsoh2\OneDrive - University of Nebraska-Lincoln\Documents\Coding Projects\Automated_Lit_Revs\documents\section3\search_results\9e4e87dee29d984ede4535c191d1e38b0f4b5e533958cd3ecc66ad2ab46fb3de.yaml
2024-03-25 21:23:41,113 - openalex_search - INFO - Saved paper data to: C:\Users\bnsoh2\OneDrive - University of Nebraska-Lincoln\Documents\Coding Projects\Automated_Lit_Revs\documents\section3\search_results\9e4e87dee29d984ede4535c191d1e38b0f4b5e533958cd3ecc66ad2ab46fb3de.yaml
2024-03-25 21:25:44,310 - openalex_search - ERROR - Error occurred while making request to OpenAlex API: [WinError 10053] An established connection was aborted by the software in your host machine
Traceback (most recent call last):
  File "c:\Users\bnsoh2\OneDrive - University of Nebraska-Lincoln\Documents\Coding Projects\Automated_Lit_Revs\utils\openalex_search.py", line 60, in search_papers
    async with session.get(search_url) as response:
  File "c:\Users\bnsoh2\Desktop\venvs\automated_lit_reviews\Lib\site-packages\aiohttp\client.py", line 1187, in __aenter__
    self._resp = await self._coro
                 ^^^^^^^^^^^^^^^^
  File "c:\Users\bnsoh2\Desktop\venvs\automated_lit_reviews\Lib\site-packages\aiohttp\client.py", line 601, in _request
    await resp.start(conn)
  File "c:\Users\bnsoh2\Desktop\venvs\automated_lit_reviews\Lib\site-packages\aiohttp\client_reqrep.py", line 965, in start
    message, payload = await protocol.read()  # type: ignore[union-attr]
                       ^^^^^^^^^^^^^^^^^^^^^
  File "c:\Users\bnsoh2\Desktop\venvs\automated_lit_reviews\Lib\site-packages\aiohttp\streams.py", line 622, in read
    await self._waiter
aiohttp.client_exceptions.ClientOSError: [WinError 10053] An established connection was aborted by the software in your host machine
2024-03-25 21:27:30,289 - openalex_search - ERROR - Unexpected error occurred while extracting full text from https://api.taylorfrancis.com/content/chapters/oa-edit/download?identifierName=doi&identifierValue=10.1201/b19336-4&type=chapterpdf
2024-03-25 21:27:30,292 - openalex_search - ERROR - Error details: 
2024-03-25 21:28:11,186 - openalex_search - ERROR - Unexpected error occurred while extracting full text from https://api.taylorfrancis.com/content/chapters/oa-edit/download?identifierName=doi&identifierValue=10.1201/b19336-4&type=chapterpdf
2024-03-25 21:28:11,187 - openalex_search - ERROR - Error details: 
2024-03-25 21:28:32,110 - openalex_search - INFO - Extracting full text from URL: https://api.taylorfrancis.com/content/chapters/oa-edit/download?identifierName=doi&identifierValue=10.1201/b19336-4&type=chapterpdf
2024-03-25 21:28:32,128 - openalex_search - INFO - Extracting full text from URL: https://api.taylorfrancis.com/content/chapters/oa-edit/download?identifierName=doi&identifierValue=10.1201/b19336-4&type=chapterpdf
2024-03-25 21:28:34,271 - openalex_search - INFO - Extracting full text from URL: https://api.taylorfrancis.com/content/chapters/oa-edit/download?identifierName=doi&identifierValue=10.1201/b19336-4&type=chapterpdf
2024-03-25 21:28:34,271 - openalex_search - INFO - Extracting full text from URL: https://api.taylorfrancis.com/content/chapters/oa-edit/download?identifierName=doi&identifierValue=10.1201/b19336-4&type=chapterpdf
