2024-05-04 14:58:55,473 - __main__ - INFO - API keys loaded successfully.
2024-05-04 14:58:56,366 - __main__ - INFO - CORE API request successful.
2024-05-04 14:58:57,383 - __main__ - INFO - CORE API request successful.
2024-05-04 14:58:58,570 - __main__ - INFO - CORE API request successful.
2024-05-04 14:58:59,786 - __main__ - INFO - CORE API request successful.
2024-05-04 14:59:00,930 - __main__ - INFO - CORE API request successful.
2024-05-04 15:37:39,922 - utils.core_search - INFO - API keys loaded successfully.
2024-05-04 15:37:40,656 - utils.core_search - INFO - CORE API request successful.
2024-05-04 15:42:10,440 - utils.core_search - INFO - API keys loaded successfully.
2024-05-04 15:42:11,240 - utils.core_search - INFO - CORE API request successful.
2024-05-04 15:45:13,796 - utils.core_search - INFO - API keys loaded successfully.
2024-05-04 15:45:14,357 - utils.core_search - INFO - CORE API request successful.
2024-05-04 15:48:40,340 - utils.core_search - INFO - API keys loaded successfully.
2024-05-04 15:48:40,773 - utils.core_search - WARNING - CORE API request failed with status code: 500
2024-05-04 15:48:40,773 - utils.core_search - WARNING - Empty API response for query: title:(heart disease) AND subject:(blind voles) AND year_published:>2010
2024-05-04 15:48:41,275 - utils.core_search - INFO - CORE API request successful.
2024-05-04 15:48:41,705 - utils.core_search - WARNING - CORE API request failed with status code: 500
2024-05-04 15:48:41,706 - utils.core_search - WARNING - Empty API response for query: title:(visual impairment) AND subject:(rodent physiology) AND year_published:>2015
2024-05-04 15:48:42,159 - utils.core_search - INFO - CORE API request successful.
2024-05-04 15:48:42,578 - utils.core_search - WARNING - CORE API request failed with status code: 500
2024-05-04 15:48:42,578 - utils.core_search - WARNING - Empty API response for query: title:(ophthalmic research) AND subject:(cardiovascular disease) AND year_published:>2000
2024-05-04 15:52:53,466 - __main__ - INFO - API keys loaded successfully.
2024-05-04 15:52:54,462 - __main__ - INFO - CORE API request successful.
2024-05-04 15:52:55,503 - __main__ - INFO - CORE API request successful.
2024-05-04 15:52:56,841 - __main__ - INFO - CORE API request successful.
2024-05-04 15:52:57,833 - __main__ - INFO - CORE API request successful.
2024-05-04 15:52:58,724 - __main__ - INFO - CORE API request successful.
2024-05-04 16:03:49,609 - __main__ - INFO - API keys loaded successfully.
2024-05-04 16:03:50,701 - __main__ - INFO - CORE API request successful.
2024-05-04 16:03:51,579 - __main__ - INFO - CORE API request successful.
2024-05-04 16:03:52,753 - __main__ - INFO - CORE API request successful.
2024-05-04 16:03:53,712 - __main__ - INFO - CORE API request successful.
2024-05-04 16:03:54,417 - __main__ - INFO - CORE API request successful.
2024-05-04 16:28:41,302 - __main__ - INFO - API keys loaded successfully.
2024-05-04 16:28:42,317 - __main__ - INFO - CORE API request successful.
2024-05-04 16:28:43,152 - __main__ - INFO - CORE API request successful.
2024-05-04 16:28:44,309 - __main__ - INFO - CORE API request successful.
2024-05-04 16:28:45,279 - __main__ - INFO - CORE API request successful.
2024-05-04 16:28:45,990 - __main__ - INFO - CORE API request successful.
2024-05-04 16:29:59,314 - utils.core_search - INFO - API keys loaded successfully.
2024-05-04 16:29:59,775 - utils.core_search - INFO - CORE API request successful.
2024-05-04 16:30:00,249 - utils.core_search - INFO - CORE API request successful.
2024-05-04 16:30:00,762 - utils.core_search - WARNING - CORE API request failed with status code: 500
2024-05-04 16:30:00,762 - utils.core_search - WARNING - Empty API response for query: title:(avian cardiology) AND subject:(heart failure) AND year_published:>2010
2024-05-04 16:30:01,240 - utils.core_search - INFO - CORE API request successful.
2024-05-04 16:30:01,668 - utils.core_search - WARNING - CORE API request failed with status code: 500
2024-05-04 16:30:01,670 - utils.core_search - WARNING - Empty API response for query: title:(genetics and heart disease) AND subject:(genomic research) AND year_published:>2000
2024-05-04 16:30:02,175 - utils.core_search - INFO - CORE API request successful.
2024-05-04 16:30:02,609 - utils.core_search - WARNING - CORE API request failed with status code: 500
2024-05-04 16:30:02,609 - utils.core_search - WARNING - Empty API response for query: title:(diagnosis and treatment) AND subject:(avian medicine) AND year_published:>2015
2024-05-04 16:30:03,058 - utils.core_search - INFO - CORE API request successful.
2024-05-04 16:30:03,477 - utils.core_search - WARNING - CORE API request failed with status code: 500
2024-05-04 16:30:03,477 - utils.core_search - WARNING - Empty API response for query: title:(heart disease prevention) AND subject:(health management) AND year_published:>2010
2024-05-04 16:30:03,971 - utils.core_search - WARNING - CORE API request failed with status code: 429
2024-05-04 16:30:03,971 - utils.core_search - WARNING - Empty API response for query: title:(heart disease and welfare) AND abstract:(animal welfare) AND _exists_:full_text
2024-05-04 16:31:27,231 - utils.core_search - INFO - API keys loaded successfully.
2024-05-04 16:31:27,705 - utils.core_search - INFO - CORE API request successful.
2024-05-04 16:31:28,161 - utils.core_search - INFO - CORE API request successful.
2024-05-04 16:31:28,570 - utils.core_search - WARNING - CORE API request failed with status code: 500
2024-05-04 16:31:28,572 - utils.core_search - WARNING - Empty API response for query: title:(avian cardiology) AND subject:(heart failure) AND year_published:>2010
2024-05-04 16:31:28,996 - utils.core_search - INFO - CORE API request successful.
2024-05-04 16:31:29,433 - utils.core_search - INFO - CORE API request successful.
2024-05-04 16:31:29,703 - utils.core_search - INFO - CORE API request successful.
2024-05-04 16:31:30,177 - utils.core_search - INFO - CORE API request successful.
2024-05-04 16:31:30,690 - utils.core_search - INFO - CORE API request successful.
2024-05-04 16:31:31,174 - utils.core_search - INFO - CORE API request successful.
2024-05-04 16:31:31,621 - utils.core_search - WARNING - CORE API request failed with status code: 429
2024-05-04 16:31:31,631 - utils.core_search - WARNING - Empty API response for query: title:(epidemiology) AND subject:(heart disease prevalence) AND species:(chicken)
2024-05-04 16:32:33,515 - __main__ - INFO - API keys loaded successfully.
2024-05-04 16:32:34,389 - __main__ - INFO - CORE API request successful.
2024-05-04 16:32:35,280 - __main__ - INFO - CORE API request successful.
2024-05-04 16:32:36,698 - __main__ - INFO - CORE API request successful.
2024-05-04 16:32:37,503 - __main__ - INFO - CORE API request successful.
2024-05-04 16:32:38,263 - __main__ - INFO - CORE API request successful.
2024-05-04 16:33:24,987 - utils.core_search - INFO - API keys loaded successfully.
2024-05-04 16:33:25,757 - utils.core_search - INFO - CORE API request successful.
2024-05-04 16:33:27,099 - utils.core_search - INFO - CORE API request successful.
2024-05-04 16:33:28,126 - utils.core_search - INFO - CORE API request successful.
2024-05-04 16:33:29,170 - utils.core_search - INFO - CORE API request successful.
2024-05-04 16:33:30,151 - utils.core_search - WARNING - CORE API request failed with status code: 429
2024-05-04 16:33:30,152 - utils.core_search - WARNING - Empty API response for query: diagnosis AND heart disease AND chickens
2024-05-04 16:33:30,550 - utils.core_search - WARNING - CORE API request failed with status code: 429
2024-05-04 16:33:30,552 - utils.core_search - WARNING - Empty API response for query: treatment AND heart disease AND chickens
2024-05-04 16:33:30,989 - utils.core_search - WARNING - CORE API request failed with status code: 429
2024-05-04 16:33:30,989 - utils.core_search - WARNING - Empty API response for query: epidemiology AND heart disease AND chickens
2024-05-04 16:33:31,484 - utils.core_search - WARNING - CORE API request failed with status code: 429
2024-05-04 16:33:31,486 - utils.core_search - WARNING - Empty API response for query: pathology AND heart disease AND chickens
2024-05-04 16:33:31,932 - utils.core_search - WARNING - CORE API request failed with status code: 429
2024-05-04 16:33:31,932 - utils.core_search - WARNING - Empty API response for query: breeding AND heart disease AND chickens
2024-05-04 16:33:32,386 - utils.core_search - WARNING - CORE API request failed with status code: 429
2024-05-04 16:33:32,388 - utils.core_search - WARNING - Empty API response for query: prevention AND heart disease AND chickens
2024-05-04 17:33:13,121 - utils.core_search - INFO - API keys loaded successfully.
2024-05-04 17:33:14,424 - utils.core_search - INFO - CORE API request successful.
2024-05-04 17:33:16,631 - utils.core_search - INFO - CORE API request successful.
2024-05-04 17:33:19,829 - utils.core_search - INFO - CORE API request successful.
2024-05-04 17:33:22,858 - utils.core_search - INFO - CORE API request successful.
2024-05-04 17:33:25,400 - utils.core_search - INFO - CORE API request successful.
2024-05-04 17:33:27,962 - utils.core_search - INFO - CORE API request successful.
2024-05-04 17:33:30,694 - utils.core_search - INFO - CORE API request successful.
2024-05-04 17:33:32,824 - utils.core_search - INFO - CORE API request successful.
2024-05-04 17:33:35,303 - utils.core_search - INFO - CORE API request successful.
2024-05-04 17:33:37,379 - utils.core_search - WARNING - CORE API request failed with status code: 429
2024-05-04 17:33:37,379 - utils.core_search - WARNING - Empty API response for query: research AND heart disease AND chickens
2024-05-04 17:40:05,554 - utils.core_search - INFO - API keys loaded successfully.
2024-05-04 17:40:06,524 - utils.core_search - INFO - CORE API request successful.
2024-05-04 17:40:07,841 - utils.core_search - INFO - CORE API request successful.
2024-05-04 17:40:09,344 - utils.core_search - INFO - CORE API request successful.
2024-05-04 17:40:11,872 - utils.core_search - INFO - CORE API request successful.
2024-05-04 17:40:13,679 - utils.core_search - INFO - CORE API request successful.
2024-05-04 17:40:14,924 - utils.core_search - INFO - CORE API request successful.
2024-05-04 17:40:18,288 - utils.core_search - INFO - CORE API request successful.
2024-05-04 17:40:21,053 - utils.core_search - INFO - CORE API request successful.
2024-05-04 17:40:23,212 - utils.core_search - INFO - CORE API request successful.
2024-05-04 17:40:25,908 - utils.core_search - WARNING - CORE API request failed with status code: 429
2024-05-04 17:40:25,918 - utils.core_search - WARNING - Empty API response for query: epidemiology AND heart disease AND chickens
2024-05-04 18:03:47,115 - utils.core_search - INFO - API keys loaded successfully.
2024-05-04 18:03:47,989 - utils.core_search - INFO - CORE API request successful.
2024-05-04 18:03:49,352 - utils.core_search - INFO - CORE API request successful.
2024-05-04 18:03:50,263 - utils.core_search - INFO - CORE API request successful.
2024-05-04 18:03:51,250 - utils.core_search - INFO - CORE API request successful.
2024-05-04 18:03:52,598 - utils.core_search - INFO - CORE API request successful.
2024-05-04 18:03:53,640 - utils.core_search - INFO - CORE API request successful.
2024-05-04 18:03:54,697 - utils.core_search - INFO - CORE API request successful.
2024-05-04 18:03:55,792 - utils.core_search - INFO - CORE API request successful.
2024-05-04 18:03:56,764 - utils.core_search - INFO - CORE API request successful.
2024-05-04 18:03:57,705 - utils.core_search - WARNING - CORE API request failed with status code: 429
2024-05-04 18:03:57,705 - utils.core_search - WARNING - Empty API response for query: heart disease AND welfare in chickens
2024-05-04 18:07:44,278 - utils.core_search - INFO - API keys loaded successfully.
2024-05-04 18:07:45,200 - utils.core_search - INFO - CORE API request successful.
2024-05-04 18:07:46,760 - utils.core_search - INFO - CORE API request successful.
2024-05-04 18:07:47,822 - utils.core_search - INFO - CORE API request successful.
2024-05-04 18:07:48,865 - utils.core_search - INFO - CORE API request successful.
2024-05-04 18:07:49,900 - utils.core_search - INFO - CORE API request successful.
2024-05-04 18:07:50,825 - utils.core_search - INFO - CORE API request successful.
2024-05-04 18:07:52,197 - utils.core_search - INFO - CORE API request successful.
2024-05-04 18:07:53,337 - utils.core_search - INFO - CORE API request successful.
2024-05-04 18:07:54,353 - utils.core_search - INFO - CORE API request successful.
2024-05-04 18:07:55,320 - utils.core_search - WARNING - CORE API request failed with status code: 429
2024-05-04 18:07:55,320 - utils.core_search - WARNING - Empty API response for query: prevention AND heart disease AND chickens
2024-05-04 18:10:34,598 - utils.core_search - INFO - API keys loaded successfully.
2024-05-04 18:10:35,530 - utils.core_search - INFO - CORE API request successful.
2024-05-04 18:10:37,114 - utils.core_search - INFO - CORE API request successful.
2024-05-04 18:10:38,081 - utils.core_search - INFO - CORE API request successful.
2024-05-04 18:10:39,192 - utils.core_search - INFO - CORE API request successful.
2024-05-04 18:10:41,681 - utils.core_search - INFO - CORE API request successful.
2024-05-04 18:10:42,586 - utils.core_search - INFO - CORE API request successful.
2024-05-04 18:10:43,834 - utils.core_search - INFO - CORE API request successful.
2024-05-04 18:10:44,880 - utils.core_search - INFO - CORE API request successful.
2024-05-04 18:27:45,427 - utils.core_search - INFO - API keys loaded successfully.
2024-05-04 18:27:46,375 - utils.core_search - INFO - CORE API request successful.
2024-05-04 18:27:47,831 - utils.core_search - INFO - CORE API request successful.
2024-05-04 18:27:48,918 - utils.core_search - INFO - CORE API request successful.
2024-05-04 18:27:50,084 - utils.core_search - INFO - CORE API request successful.
2024-05-04 18:27:51,324 - utils.core_search - INFO - CORE API request successful.
2024-05-04 18:27:52,422 - utils.core_search - INFO - CORE API request successful.
2024-05-04 18:27:53,419 - utils.core_search - INFO - CORE API request successful.
2024-05-04 18:27:54,304 - utils.core_search - INFO - CORE API request successful.
2024-05-04 18:27:55,387 - utils.core_search - INFO - CORE API request successful.
2024-05-04 18:27:56,397 - utils.core_search - WARNING - CORE API request failed with status code: 429
2024-05-04 18:27:56,400 - utils.core_search - WARNING - Empty API response for query: heart disease AND chicken welfare
2024-05-04 18:44:01,149 - utils.core_search - INFO - API keys loaded successfully.
2024-05-04 18:44:02,049 - utils.core_search - INFO - CORE API request successful.
2024-05-04 18:44:03,928 - utils.core_search - INFO - CORE API request successful.
2024-05-04 18:44:05,769 - utils.core_search - INFO - CORE API request successful.
2024-05-04 18:44:09,492 - utils.core_search - INFO - CORE API request successful.
2024-05-04 18:44:11,829 - utils.core_search - INFO - CORE API request successful.
2024-05-04 18:44:13,936 - utils.core_search - INFO - CORE API request successful.
2024-05-04 18:44:15,964 - utils.core_search - INFO - CORE API request successful.
2024-05-04 18:44:17,584 - utils.core_search - INFO - CORE API request successful.
2024-05-04 18:44:19,452 - utils.core_search - INFO - CORE API request successful.
2024-05-04 18:44:21,734 - utils.core_search - WARNING - CORE API request failed with status code: 429
2024-05-04 18:44:21,734 - utils.core_search - WARNING - Empty API response for query: (asbestos legacy OR asbestos heritage) AND (Victorian England OR 19th century England)
2024-05-04 18:46:33,856 - utils.core_search - INFO - API keys loaded successfully.
2024-05-04 18:46:34,871 - utils.core_search - INFO - CORE API request successful.
2024-05-04 18:46:36,349 - utils.core_search - INFO - CORE API request successful.
2024-05-04 18:46:37,740 - utils.core_search - INFO - CORE API request successful.
2024-05-04 18:46:39,168 - utils.core_search - INFO - CORE API request successful.
2024-05-04 18:46:41,493 - utils.core_search - INFO - CORE API request successful.
2024-05-04 18:46:43,831 - utils.core_search - INFO - CORE API request successful.
2024-05-04 18:46:45,661 - utils.core_search - INFO - CORE API request successful.
2024-05-04 18:46:46,884 - utils.core_search - INFO - CORE API request successful.
2024-05-04 18:46:48,401 - utils.core_search - INFO - CORE API request successful.
2024-05-04 18:46:49,881 - utils.core_search - WARNING - CORE API request failed with status code: 429
2024-05-04 18:46:49,881 - utils.core_search - WARNING - Empty API response for query: (dragon legends) AND (African cultural exchange OR African cultural diffusion)
