2024-03-30 11:03:36,557 - __main__ - INFO - Starting paper ranking process for section 3...
2024-03-30 11:03:37,978 - __main__ - INFO - Deleted 0 empty YAML files
2024-03-30 11:03:38,027 - __main__ - INFO - Processing file: C:\Users\bnsoh2\OneDrive - University of Nebraska-Lincoln\Documents\Coding Projects\Automated_Lit_Revs\documents\section3\raw\01b9a362f878626db0ddcc2e5990e2aa9bf6e9dc37fb1ddeb5558516fee85f0a.yaml
2024-03-30 11:03:38,039 - __main__ - INFO - Processing file: C:\Users\bnsoh2\OneDrive - University of Nebraska-Lincoln\Documents\Coding Projects\Automated_Lit_Revs\documents\section3\raw\01b9a362f878626db0ddcc2e5990e2aa9bf6e9dc37fb1ddeb5558516fee85f0a.yaml
2024-03-30 11:03:38,039 - __main__ - INFO - Processing file: C:\Users\bnsoh2\OneDrive - University of Nebraska-Lincoln\Documents\Coding Projects\Automated_Lit_Revs\documents\section3\raw\01b9a362f878626db0ddcc2e5990e2aa9bf6e9dc37fb1ddeb5558516fee85f0a.yaml
2024-03-30 11:03:38,478 - __main__ - INFO - No relevant entries found in file: C:\Users\bnsoh2\OneDrive - University of Nebraska-Lincoln\Documents\Coding Projects\Automated_Lit_Revs\documents\section3\raw\01b9a362f878626db0ddcc2e5990e2aa9bf6e9dc37fb1ddeb5558516fee85f0a.yaml
2024-03-30 11:03:38,485 - __main__ - INFO - Processing file: C:\Users\bnsoh2\OneDrive - University of Nebraska-Lincoln\Documents\Coding Projects\Automated_Lit_Revs\documents\section3\raw\01cd08470903b4d016758ad91e4a62db489c4abae5dca67557666f3dc6705514.yaml
2024-03-30 11:03:42,766 - __main__ - INFO - No relevant entries found in file: C:\Users\bnsoh2\OneDrive - University of Nebraska-Lincoln\Documents\Coding Projects\Automated_Lit_Revs\documents\section3\raw\01b9a362f878626db0ddcc2e5990e2aa9bf6e9dc37fb1ddeb5558516fee85f0a.yaml
2024-03-30 11:03:42,766 - __main__ - INFO - Processing file: C:\Users\bnsoh2\OneDrive - University of Nebraska-Lincoln\Documents\Coding Projects\Automated_Lit_Revs\documents\section3\raw\01cd08470903b4d016758ad91e4a62db489c4abae5dca67557666f3dc6705514.yaml
2024-03-30 11:04:05,557 - __main__ - INFO - No relevant entries found in file: C:\Users\bnsoh2\OneDrive - University of Nebraska-Lincoln\Documents\Coding Projects\Automated_Lit_Revs\documents\section3\raw\01cd08470903b4d016758ad91e4a62db489c4abae5dca67557666f3dc6705514.yaml
2024-03-30 11:04:05,557 - __main__ - INFO - Processing file: C:\Users\bnsoh2\OneDrive - University of Nebraska-Lincoln\Documents\Coding Projects\Automated_Lit_Revs\documents\section3\raw\07ceb8f42d1909dd1d2b349b1327dd0507977aa1d45592adbc0dbfc8301f67ae.yaml
2024-03-30 11:04:21,533 - __main__ - INFO - No relevant entries found in file: C:\Users\bnsoh2\OneDrive - University of Nebraska-Lincoln\Documents\Coding Projects\Automated_Lit_Revs\documents\section3\raw\01cd08470903b4d016758ad91e4a62db489c4abae5dca67557666f3dc6705514.yaml
2024-03-30 11:04:21,540 - __main__ - INFO - Processing file: C:\Users\bnsoh2\OneDrive - University of Nebraska-Lincoln\Documents\Coding Projects\Automated_Lit_Revs\documents\section3\raw\07ceb8f42d1909dd1d2b349b1327dd0507977aa1d45592adbc0dbfc8301f67ae.yaml
2024-03-30 11:04:26,753 - __main__ - INFO - No relevant entries found in file: C:\Users\bnsoh2\OneDrive - University of Nebraska-Lincoln\Documents\Coding Projects\Automated_Lit_Revs\documents\section3\raw\07ceb8f42d1909dd1d2b349b1327dd0507977aa1d45592adbc0dbfc8301f67ae.yaml
2024-03-30 11:04:26,753 - __main__ - INFO - Processing file: C:\Users\bnsoh2\OneDrive - University of Nebraska-Lincoln\Documents\Coding Projects\Automated_Lit_Revs\documents\section3\raw\08ea7c687217e2a0b24234c4e88577afaa3d39a3962606853574fd2cc55a883b.yaml
2024-03-30 11:04:43,962 - __main__ - WARNING - Missing keys in response for entry: Precision Agriculture Techniques and Practices: From Considerations to Applications. Retrying...
2024-03-30 11:04:57,268 - __main__ - WARNING - Missing keys in response for entry: Precision Agriculture Techniques and Practices: From Considerations to Applications. Retrying...
2024-03-30 11:05:12,940 - __main__ - WARNING - Invalid JSON response for entry: Precision Agriculture Techniques and Practices: From Considerations to Applications. Retrying...
2024-03-30 11:05:28,603 - __main__ - WARNING - Missing keys in response for entry: Precision Agriculture Techniques and Practices: From Considerations to Applications. Retrying...
2024-03-30 11:05:39,422 - __main__ - WARNING - Missing keys in response for entry: Precision Agriculture Techniques and Practices: From Considerations to Applications. Retrying...
2024-03-30 11:05:50,295 - __main__ - WARNING - Missing keys in response for entry: Precision Agriculture Techniques and Practices: From Considerations to Applications. Retrying...
2024-03-30 11:06:14,066 - __main__ - WARNING - Missing keys in response for entry: Precision Agriculture Techniques and Practices: From Considerations to Applications. Retrying...
2024-03-30 11:06:33,997 - __main__ - INFO - No relevant entries found in file: C:\Users\bnsoh2\OneDrive - University of Nebraska-Lincoln\Documents\Coding Projects\Automated_Lit_Revs\documents\section3\raw\08ea7c687217e2a0b24234c4e88577afaa3d39a3962606853574fd2cc55a883b.yaml
2024-03-30 11:06:33,997 - __main__ - INFO - Processing file: C:\Users\bnsoh2\OneDrive - University of Nebraska-Lincoln\Documents\Coding Projects\Automated_Lit_Revs\documents\section3\raw\094b316fe2d27f4157bf63580fad46b3d55e079e63f6cf787d37b309d8df3814.yaml
2024-03-30 11:06:46,831 - __main__ - INFO - No relevant entries found in file: C:\Users\bnsoh2\OneDrive - University of Nebraska-Lincoln\Documents\Coding Projects\Automated_Lit_Revs\documents\section3\raw\094b316fe2d27f4157bf63580fad46b3d55e079e63f6cf787d37b309d8df3814.yaml
2024-03-30 11:06:46,831 - __main__ - INFO - Processing file: C:\Users\bnsoh2\OneDrive - University of Nebraska-Lincoln\Documents\Coding Projects\Automated_Lit_Revs\documents\section3\raw\0b2d1d6d55cd70fe89b88b797ae862c3861ba4a47e348da640e8d04b3cccf571.yaml
2024-03-30 11:07:06,087 - __main__ - WARNING - Missing keys in response for entry: 10.1016/j.compag.2023.108126. Retrying...
2024-03-30 11:07:35,785 - __main__ - WARNING - Invalid JSON response for entry: 10.1117/12.2599674. Retrying...
2024-03-30 11:09:05,612 - __main__ - INFO - No relevant entries found in file: C:\Users\bnsoh2\OneDrive - University of Nebraska-Lincoln\Documents\Coding Projects\Automated_Lit_Revs\documents\section3\raw\0b2d1d6d55cd70fe89b88b797ae862c3861ba4a47e348da640e8d04b3cccf571.yaml
2024-03-30 11:09:05,612 - __main__ - INFO - Processing file: C:\Users\bnsoh2\OneDrive - University of Nebraska-Lincoln\Documents\Coding Projects\Automated_Lit_Revs\documents\section3\raw\0b6335f97afe54876ee66dfba7476da89be86c938fc418c0a0daa19a218e1503.yaml
