2024-04-22 19:28:35,225 - __main__ - WARNING - Scopus API request failed with status code: 401
2024-04-22 19:28:35,225 - __main__ - WARNING - No results found for query: TITLE-ABS-KEY("heart disease" AND "chickens")
2024-04-22 19:28:36,353 - __main__ - WARNING - Scopus API request failed with status code: 401
2024-04-22 19:28:36,353 - __main__ - WARNING - No results found for query: TITLE-ABS-KEY("cardiovascular disease" AND "poultry")
2024-04-22 19:28:36,626 - __main__ - WARNING - Scopus API request failed with status code: 401
2024-04-22 19:28:36,636 - __main__ - WARNING - No results found for query: TITLE-ABS-KEY("heart failure" AND "broiler chickens")
2024-04-22 19:28:36,886 - __main__ - WARNING - Scopus API request failed with status code: 401
2024-04-22 19:28:36,887 - __main__ - WARNING - No results found for query: TITLE-ABS-KEY("myocarditis" AND "chickens")
2024-04-22 19:28:37,162 - __main__ - WARNING - Scopus API request failed with status code: 401
2024-04-22 19:28:37,162 - __main__ - WARNING - No results found for query: TITLE-ABS-KEY("pericarditis" AND "poultry")
2024-04-22 19:32:56,581 - __main__ - INFO - API keys loaded successfully.
2024-04-22 19:32:58,065 - __main__ - INFO - Scopus API request successful.
2024-04-22 19:32:58,071 - __main__ - INFO - Scraping full text for DOI: 10.1016/j.bbagen.2024.130564
2024-04-22 19:33:20,157 - __main__ - INFO - Full text scraped successfully for DOI: 10.1016/j.bbagen.2024.130564
2024-04-22 19:33:24,054 - __main__ - INFO - Scopus API request successful.
2024-04-22 19:33:24,120 - __main__ - INFO - Scraping full text for DOI: 10.1016/j.jad.2024.01.233
2024-04-22 19:33:31,706 - __main__ - INFO - Full text scraped successfully for DOI: 10.1016/j.jad.2024.01.233
2024-04-22 19:33:32,938 - __main__ - INFO - Scopus API request successful.
2024-04-22 19:33:33,007 - __main__ - INFO - Scraping full text for DOI: 10.3390/ani12192488
2024-04-22 19:33:39,611 - __main__ - INFO - Full text scraped successfully for DOI: 10.3390/ani12192488
2024-04-22 19:33:40,611 - __main__ - INFO - Scopus API request successful.
2024-04-22 19:33:40,621 - __main__ - INFO - Scraping full text for DOI: 10.1637/aviandiseases-D-23-00055
2024-04-22 19:33:58,253 - __main__ - INFO - Full text scraped successfully for DOI: 10.1637/aviandiseases-D-23-00055
2024-04-22 19:33:59,501 - __main__ - INFO - Scopus API request successful.
2024-04-22 19:33:59,510 - __main__ - INFO - Scraping full text for DOI: 10.3390/antibiotics13030205
2024-04-22 19:34:07,191 - __main__ - INFO - Full text scraped successfully for DOI: 10.3390/antibiotics13030205
2024-04-23 09:21:04,395 - scopus_search - INFO - API keys loaded successfully.
2024-04-23 09:21:04,395 - scopus_search - ERROR - An error occurred while searching and parsing results for query: ['TITLE-ABS-KEY(heart AND disease AND chicken*)', 'TITLE-ABS-KEY(myocardial AND disease AND poultry)', 'TITLE-ABS-KEY((broilers OR layers) AND heart* AND health)', 'TITLE-ABS-KEY((cardiac OR cardiovascular) AND pathology AND chicken*)', 'TITLE-ABS-KEY((avian OR poultry) AND heart* AND mortality)', 'TITLE-ABS-KEY((eggs OR egg production) AND heart* AND performance)', 'TITLE-ABS-KEY((growth OR weight gain) AND heart* AND chicken*)', 'TITLE-ABS-KEY(pericarditis AND myocarditis AND chicken*)', 'TITLE-ABS-KEY((endocarditis OR atherosclerosis) AND poultry)', 'TITLE-ABS-KEY((histopathology OR autopsy) AND heart* AND chicken*)']. Error: 'list' object has no attribute 'replace'
2024-04-23 09:28:01,571 - scopus_search - INFO - API keys loaded successfully.
2024-04-23 09:28:03,311 - scopus_search - INFO - Scopus API request successful.
2024-04-23 09:28:03,311 - scopus_search - INFO - Scraping full text for DOI: 10.1016/j.scitotenv.2024.171242
2024-04-23 09:28:11,185 - scopus_search - INFO - Full text scraped successfully for DOI: 10.1016/j.scitotenv.2024.171242
2024-04-23 09:28:12,711 - scopus_search - INFO - Scopus API request successful.
2024-04-23 09:28:12,717 - scopus_search - INFO - Scraping full text for DOI: 10.1038/s41598-024-59239-5
2024-04-23 09:28:19,999 - scopus_search - INFO - Full text scraped successfully for DOI: 10.1038/s41598-024-59239-5
2024-04-23 09:28:20,982 - scopus_search - INFO - Scopus API request successful.
2024-04-23 09:28:20,982 - scopus_search - INFO - Scraping full text for DOI: 10.3390/children11020175
2024-04-23 09:28:28,758 - scopus_search - INFO - Full text scraped successfully for DOI: 10.3390/children11020175
2024-04-23 09:28:29,723 - scopus_search - INFO - Scopus API request successful.
2024-04-23 09:28:29,723 - scopus_search - INFO - Scraping full text for DOI: 10.1016/j.reprotox.2024.108583
2024-04-23 09:28:38,040 - scopus_search - INFO - Full text scraped successfully for DOI: 10.1016/j.reprotox.2024.108583
2024-04-23 09:28:39,035 - scopus_search - INFO - Scopus API request successful.
2024-04-23 09:28:39,045 - scopus_search - INFO - Scraping full text for DOI: 10.1016/j.vaccine.2024.01.038
2024-04-23 09:28:46,652 - scopus_search - INFO - Full text scraped successfully for DOI: 10.1016/j.vaccine.2024.01.038
2024-04-23 09:28:47,608 - scopus_search - INFO - Scopus API request successful.
2024-04-23 09:28:47,618 - scopus_search - INFO - Scraping full text for DOI: 10.1016/j.prostaglandins.2024.106818
2024-04-23 09:28:55,013 - scopus_search - INFO - Full text scraped successfully for DOI: 10.1016/j.prostaglandins.2024.106818
2024-04-23 09:28:56,426 - scopus_search - INFO - Scopus API request successful.
2024-04-23 09:28:56,512 - scopus_search - INFO - Scraping full text for DOI: 10.1007/s00431-023-05288-3
2024-04-23 09:29:03,851 - scopus_search - INFO - Full text scraped successfully for DOI: 10.1007/s00431-023-05288-3
2024-04-23 09:29:05,227 - scopus_search - INFO - Scopus API request successful.
2024-04-23 09:29:05,227 - scopus_search - INFO - Scraping full text for DOI: 10.1016/j.scr.2024.103374
2024-04-23 09:29:32,639 - scopus_search - INFO - Full text scraped successfully for DOI: 10.1016/j.scr.2024.103374
2024-04-23 09:29:33,480 - scopus_search - INFO - Scopus API request successful.
2024-04-23 09:29:33,490 - scopus_search - INFO - Scraping full text for DOI: 10.3390/pathogens12081002
2024-04-23 09:29:42,750 - scopus_search - INFO - Full text scraped successfully for DOI: 10.3390/pathogens12081002
2024-04-23 09:29:43,932 - scopus_search - INFO - Scopus API request successful.
2024-04-23 09:38:32,946 - scopus_search - INFO - API keys loaded successfully.
2024-04-23 09:38:36,084 - scopus_search - INFO - Scopus API request successful.
2024-04-23 09:38:36,090 - scopus_search - INFO - Scraping full text for DOI: 10.1186/s12917-023-03852-5
2024-04-23 09:39:42,719 - scopus_search - INFO - Full text scraped successfully for DOI: 10.1186/s12917-023-03852-5
2024-04-23 09:39:46,708 - scopus_search - INFO - Scopus API request successful.
2024-04-23 09:39:46,725 - scopus_search - INFO - Scraping full text for DOI: 10.1007/s10499-024-01450-2
2024-04-23 09:40:12,578 - scopus_search - INFO - Full text scraped successfully for DOI: 10.1007/s10499-024-01450-2
2024-04-23 09:40:13,242 - scopus_search - WARNING - Scopus API request failed with status code: 400
2024-04-23 09:40:13,242 - scopus_search - WARNING - No results found for query: TITLE-ABS-KEY({{"*cardiac dysfunction*" OR "*arrhythmia*"}} AND chicken*)
2024-04-23 09:40:14,551 - scopus_search - INFO - Scopus API request successful.
2024-04-23 09:40:14,553 - scopus_search - INFO - Scraping full text for DOI: 10.1016/j.det.2023.08.007
2024-04-23 09:41:35,433 - scopus_search - INFO - Full text scraped successfully for DOI: 10.1016/j.det.2023.08.007
2024-04-23 09:41:36,219 - scopus_search - INFO - Scopus API request successful.
2024-04-23 09:41:36,233 - scopus_search - INFO - Scraping full text for DOI: 10.1016/j.scitotenv.2024.171242
2024-04-23 09:42:04,061 - scopus_search - INFO - Full text scraped successfully for DOI: 10.1016/j.scitotenv.2024.171242
2024-04-23 09:42:05,263 - scopus_search - INFO - Scopus API request successful.
2024-04-23 09:42:05,274 - scopus_search - INFO - Scraping full text for DOI: 10.1016/j.cardfail.2023.10.479
2024-04-23 09:42:14,253 - scopus_search - INFO - Full text scraped successfully for DOI: 10.1016/j.cardfail.2023.10.479
2024-04-23 09:42:15,581 - scopus_search - INFO - Scopus API request successful.
2024-04-23 09:42:15,591 - scopus_search - INFO - Scraping full text for DOI: 10.1186/s12917-023-03852-5
2024-04-23 09:42:25,831 - scopus_search - INFO - Full text scraped successfully for DOI: 10.1186/s12917-023-03852-5
2024-04-23 09:42:26,646 - scopus_search - INFO - Scopus API request successful.
2024-04-23 09:42:26,750 - scopus_search - INFO - Scraping full text for DOI: 10.1016/j.tifs.2023.104125
2024-04-23 09:42:43,894 - scopus_search - INFO - Full text scraped successfully for DOI: 10.1016/j.tifs.2023.104125
2024-04-23 09:42:45,494 - scopus_search - INFO - Scopus API request successful.
2024-04-23 09:42:45,566 - scopus_search - INFO - Scraping full text for DOI: 10.1371/journal.pone.0298386
2024-04-23 09:43:48,764 - scopus_search - INFO - Full text scraped successfully for DOI: 10.1371/journal.pone.0298386
2024-04-23 09:43:51,909 - scopus_search - INFO - Scopus API request successful.
2024-04-23 09:43:51,919 - scopus_search - INFO - Scraping full text for DOI: 10.1016/j.scr.2024.103374
2024-04-23 09:44:12,797 - scopus_search - INFO - Full text scraped successfully for DOI: 10.1016/j.scr.2024.103374
