2024-04-04 09:21:35,537 - __main__ - ERROR - Subsection folder not found: C:\Users\bnsoh2\OneDrive - University of Nebraska-Lincoln\Documents\Coding Projects\Automated_Lit_Revs\documents\section3\processed\section3\subsection_2
2024-04-04 09:23:26,712 - __main__ - ERROR - Subsection folder not found: C:\Users\bnsoh2\OneDrive - University of Nebraska-Lincoln\Documents\Coding Projects\Automated_Lit_Revs\documents\section3\section3\subsection_2
2024-04-04 09:23:38,846 - __main__ - ERROR - Subsection folder not found: C:\Users\bnsoh2\OneDrive - University of Nebraska-Lincoln\Documents\Coding Projects\Automated_Lit_Revs\documents\section3\subsection_2
2024-04-04 09:24:01,518 - __main__ - ERROR - Subsection folder not found: C:\Users\bnsoh2\OneDrive - University of Nebraska-Lincoln\Documents\Coding Projects\Automated_Lit_Revs\documents\processed\section3\subsection_2
2024-04-04 09:25:33,845 - __main__ - ERROR - Subsection folder not found: C:\Users\bnsoh2\OneDrive - University of Nebraska-Lincoln\Documents\Coding Projects\Automated_Lit_Revs\documents\processed\section3\subsection_2
2024-04-04 09:25:57,392 - __main__ - WARNING - Subsection title file not found: C:\Users\bnsoh2\OneDrive - University of Nebraska-Lincoln\Documents\Coding Projects\Automated_Lit_Revs\documents\section3\processed\subsection_2\subsection_title.txt
2024-04-04 09:25:57,392 - __main__ - WARNING - Point content file not found: C:\Users\bnsoh2\OneDrive - University of Nebraska-Lincoln\Documents\Coding Projects\Automated_Lit_Revs\documents\section3\processed\subsection_2\point_point_1\point_content.txt
2024-04-04 09:25:57,392 - __main__ - WARNING - Point content file not found: C:\Users\bnsoh2\OneDrive - University of Nebraska-Lincoln\Documents\Coding Projects\Automated_Lit_Revs\documents\section3\processed\subsection_2\point_point_2\point_content.txt
2024-04-04 09:25:57,392 - __main__ - WARNING - Point content file not found: C:\Users\bnsoh2\OneDrive - University of Nebraska-Lincoln\Documents\Coding Projects\Automated_Lit_Revs\documents\section3\processed\subsection_2\point_point_3\point_content.txt
2024-04-04 09:25:57,398 - __main__ - WARNING - Point content file not found: C:\Users\bnsoh2\OneDrive - University of Nebraska-Lincoln\Documents\Coding Projects\Automated_Lit_Revs\documents\section3\processed\subsection_2\point_point_4\point_content.txt
2024-04-04 09:25:57,400 - __main__ - WARNING - Point content file not found: C:\Users\bnsoh2\OneDrive - University of Nebraska-Lincoln\Documents\Coding Projects\Automated_Lit_Revs\documents\section3\processed\subsection_2\point_point_5\point_content.txt
2024-04-04 09:25:57,400 - __main__ - WARNING - Point content file not found: C:\Users\bnsoh2\OneDrive - University of Nebraska-Lincoln\Documents\Coding Projects\Automated_Lit_Revs\documents\section3\processed\subsection_2\point_point_6\point_content.txt
2024-04-04 09:25:57,403 - __main__ - INFO - Summary file generated: C:\Users\bnsoh2\OneDrive - University of Nebraska-Lincoln\Documents\Coding Projects\Automated_Lit_Revs\documents\section3\processed\subsection_2\summary.txt
2024-04-04 09:43:31,902 - __main__ - WARNING - Parsed entries file not found: C:\Users\bnsoh2\OneDrive - University of Nebraska-Lincoln\Documents\Coding Projects\Automated_Lit_Revs\documents\section3\processed\subsection_2\point_point_4\relevant_entries_parsed.yaml
2024-04-04 09:44:54,160 - __main__ - WARNING - Parsed entries file not found: C:\Users\bnsoh2\OneDrive - University of Nebraska-Lincoln\Documents\Coding Projects\Automated_Lit_Revs\documents\section3\processed\subsection_2\point_point_4\relevant_entries_parsed.yaml
2024-04-04 09:44:54,426 - __main__ - INFO - Summary file generated: C:\Users\bnsoh2\OneDrive - University of Nebraska-Lincoln\Documents\Coding Projects\Automated_Lit_Revs\documents\section3\processed\subsection_2\summary.txt
2024-04-04 10:27:20,006 - __main__ - WARNING - Parsed entries file not found: C:\Users\bnsoh2\OneDrive - University of Nebraska-Lincoln\Documents\Coding Projects\Automated_Lit_Revs\documents\section3\processed\subsection_2\point_point_4\relevant_entries_parsed.yaml
2024-04-04 10:27:20,253 - __main__ - INFO - Summary file generated: C:\Users\bnsoh2\OneDrive - University of Nebraska-Lincoln\Documents\Coding Projects\Automated_Lit_Revs\documents\section3\processed\subsection_2\summary.txt
2024-04-04 10:39:50,484 - __main__ - WARNING - Parsed entries file not found: C:\Users\bnsoh2\OneDrive - University of Nebraska-Lincoln\Documents\Coding Projects\Automated_Lit_Revs\documents\section3\processed\subsection_2\point_point_4\relevant_entries_parsed.yaml
2024-04-04 10:39:50,737 - __main__ - INFO - Summary file generated: C:\Users\bnsoh2\OneDrive - University of Nebraska-Lincoln\Documents\Coding Projects\Automated_Lit_Revs\documents\section3\processed\subsection_2\summary.txt
2024-04-04 10:43:20,663 - __main__ - WARNING - Parsed entries file not found: C:\Users\bnsoh2\OneDrive - University of Nebraska-Lincoln\Documents\Coding Projects\Automated_Lit_Revs\documents\section3\processed\subsection_2\point_point_4\relevant_entries_parsed.yaml
2024-04-04 10:43:20,907 - __main__ - INFO - Summary file generated: C:\Users\bnsoh2\OneDrive - University of Nebraska-Lincoln\Documents\Coding Projects\Automated_Lit_Revs\documents\section3\processed\subsection_2\summary.txt
2024-04-04 10:44:08,772 - __main__ - WARNING - Parsed entries file not found: C:\Users\bnsoh2\OneDrive - University of Nebraska-Lincoln\Documents\Coding Projects\Automated_Lit_Revs\documents\section3\processed\subsection_2\point_point_4\relevant_entries_parsed.yaml
2024-04-04 10:44:09,021 - __main__ - INFO - Summary file generated: C:\Users\bnsoh2\OneDrive - University of Nebraska-Lincoln\Documents\Coding Projects\Automated_Lit_Revs\documents\section3\processed\subsection_2\summary.txt
2024-04-04 10:51:22,055 - __main__ - WARNING - Parsed entries file not found: C:\Users\bnsoh2\OneDrive - University of Nebraska-Lincoln\Documents\Coding Projects\Automated_Lit_Revs\documents\section3\processed\subsection_2\point_point_4\relevant_entries_parsed.yaml
2024-04-04 10:51:22,301 - __main__ - INFO - Summary file generated: C:\Users\bnsoh2\OneDrive - University of Nebraska-Lincoln\Documents\Coding Projects\Automated_Lit_Revs\documents\section3\processed\subsection_2\summary.txt
2024-04-04 10:51:37,449 - __main__ - WARNING - Parsed entries file not found: C:\Users\bnsoh2\OneDrive - University of Nebraska-Lincoln\Documents\Coding Projects\Automated_Lit_Revs\documents\section3\processed\subsection_2\point_point_4\relevant_entries_parsed.yaml
2024-04-04 10:51:37,698 - __main__ - INFO - Summary file generated: C:\Users\bnsoh2\OneDrive - University of Nebraska-Lincoln\Documents\Coding Projects\Automated_Lit_Revs\documents\section3\processed\subsection_2\summary.txt
2024-04-04 10:52:44,126 - __main__ - WARNING - Parsed entries file not found: C:\Users\bnsoh2\OneDrive - University of Nebraska-Lincoln\Documents\Coding Projects\Automated_Lit_Revs\documents\section3\processed\subsection_2\point_point_4\relevant_entries_parsed.yaml
2024-04-04 10:52:44,371 - __main__ - INFO - Summary file generated: C:\Users\bnsoh2\OneDrive - University of Nebraska-Lincoln\Documents\Coding Projects\Automated_Lit_Revs\documents\section3\processed\subsection_2\summary.txt
2024-04-04 10:55:08,246 - __main__ - INFO - Summary file generated: C:\Users\bnsoh2\OneDrive - University of Nebraska-Lincoln\Documents\Coding Projects\Automated_Lit_Revs\documents\section3\processed\subsection_1\summary.txt
2024-04-04 10:55:08,246 - __main__ - WARNING - Parsed entries file not found: C:\Users\bnsoh2\OneDrive - University of Nebraska-Lincoln\Documents\Coding Projects\Automated_Lit_Revs\documents\section3\processed\subsection_6\point_point_5\relevant_entries_parsed.yaml
2024-04-04 10:55:08,256 - __main__ - WARNING - Parsed entries file not found: C:\Users\bnsoh2\OneDrive - University of Nebraska-Lincoln\Documents\Coding Projects\Automated_Lit_Revs\documents\section3\processed\subsection_6\point_point_1\relevant_entries_parsed.yaml
2024-04-04 10:55:08,256 - __main__ - WARNING - Parsed entries file not found: C:\Users\bnsoh2\OneDrive - University of Nebraska-Lincoln\Documents\Coding Projects\Automated_Lit_Revs\documents\section3\processed\subsection_6\point_point_3\relevant_entries_parsed.yaml
2024-04-04 10:55:08,345 - __main__ - INFO - Summary file generated: C:\Users\bnsoh2\OneDrive - University of Nebraska-Lincoln\Documents\Coding Projects\Automated_Lit_Revs\documents\section3\processed\subsection_6\summary.txt
2024-04-04 10:55:08,423 - __main__ - WARNING - Parsed entries file not found: C:\Users\bnsoh2\OneDrive - University of Nebraska-Lincoln\Documents\Coding Projects\Automated_Lit_Revs\documents\section3\processed\subsection_4\point_point_5\relevant_entries_parsed.yaml
2024-04-04 10:55:08,563 - __main__ - INFO - Summary file generated: C:\Users\bnsoh2\OneDrive - University of Nebraska-Lincoln\Documents\Coding Projects\Automated_Lit_Revs\documents\section3\processed\subsection_4\summary.txt
2024-04-04 10:55:08,617 - __main__ - WARNING - Parsed entries file not found: C:\Users\bnsoh2\OneDrive - University of Nebraska-Lincoln\Documents\Coding Projects\Automated_Lit_Revs\documents\section3\processed\subsection_3\point_point_1\relevant_entries_parsed.yaml
2024-04-04 10:55:08,627 - __main__ - INFO - Summary file generated: C:\Users\bnsoh2\OneDrive - University of Nebraska-Lincoln\Documents\Coding Projects\Automated_Lit_Revs\documents\section3\processed\subsection_3\summary.txt
2024-04-04 10:55:08,631 - __main__ - WARNING - Parsed entries file not found: C:\Users\bnsoh2\OneDrive - University of Nebraska-Lincoln\Documents\Coding Projects\Automated_Lit_Revs\documents\section3\processed\subsection_2\point_point_4\relevant_entries_parsed.yaml
2024-04-04 10:55:09,119 - __main__ - INFO - Summary file generated: C:\Users\bnsoh2\OneDrive - University of Nebraska-Lincoln\Documents\Coding Projects\Automated_Lit_Revs\documents\section3\processed\subsection_2\summary.txt
2024-04-04 10:55:09,119 - __main__ - WARNING - Parsed entries file not found: C:\Users\bnsoh2\OneDrive - University of Nebraska-Lincoln\Documents\Coding Projects\Automated_Lit_Revs\documents\section3\processed\subsection_5\point_point_4\relevant_entries_parsed.yaml
2024-04-04 10:55:09,166 - __main__ - INFO - Summary file generated: C:\Users\bnsoh2\OneDrive - University of Nebraska-Lincoln\Documents\Coding Projects\Automated_Lit_Revs\documents\section3\processed\subsection_5\summary.txt
2024-04-04 11:05:05,293 - __main__ - INFO - Summary file generated: C:\Users\bnsoh2\OneDrive - University of Nebraska-Lincoln\Documents\Coding Projects\Automated_Lit_Revs\documents\section3\processed\subsection_1\summary.txt
2024-04-04 11:05:05,293 - __main__ - WARNING - Parsed entries file not found: C:\Users\bnsoh2\OneDrive - University of Nebraska-Lincoln\Documents\Coding Projects\Automated_Lit_Revs\documents\section3\processed\subsection_6\point_point_5\relevant_entries_parsed.yaml
2024-04-04 11:05:05,309 - __main__ - WARNING - Parsed entries file not found: C:\Users\bnsoh2\OneDrive - University of Nebraska-Lincoln\Documents\Coding Projects\Automated_Lit_Revs\documents\section3\processed\subsection_6\point_point_1\relevant_entries_parsed.yaml
2024-04-04 11:05:05,309 - __main__ - WARNING - Parsed entries file not found: C:\Users\bnsoh2\OneDrive - University of Nebraska-Lincoln\Documents\Coding Projects\Automated_Lit_Revs\documents\section3\processed\subsection_6\point_point_3\relevant_entries_parsed.yaml
2024-04-04 11:05:05,459 - __main__ - INFO - Summary file generated: C:\Users\bnsoh2\OneDrive - University of Nebraska-Lincoln\Documents\Coding Projects\Automated_Lit_Revs\documents\section3\processed\subsection_6\summary.txt
2024-04-04 11:05:05,616 - __main__ - WARNING - Parsed entries file not found: C:\Users\bnsoh2\OneDrive - University of Nebraska-Lincoln\Documents\Coding Projects\Automated_Lit_Revs\documents\section3\processed\subsection_4\point_point_5\relevant_entries_parsed.yaml
2024-04-04 11:05:05,873 - __main__ - INFO - Summary file generated: C:\Users\bnsoh2\OneDrive - University of Nebraska-Lincoln\Documents\Coding Projects\Automated_Lit_Revs\documents\section3\processed\subsection_4\summary.txt
2024-04-04 11:05:05,982 - __main__ - WARNING - Parsed entries file not found: C:\Users\bnsoh2\OneDrive - University of Nebraska-Lincoln\Documents\Coding Projects\Automated_Lit_Revs\documents\section3\processed\subsection_3\point_point_1\relevant_entries_parsed.yaml
2024-04-04 11:05:05,988 - __main__ - INFO - Summary file generated: C:\Users\bnsoh2\OneDrive - University of Nebraska-Lincoln\Documents\Coding Projects\Automated_Lit_Revs\documents\section3\processed\subsection_3\summary.txt
2024-04-04 11:05:05,993 - __main__ - WARNING - Parsed entries file not found: C:\Users\bnsoh2\OneDrive - University of Nebraska-Lincoln\Documents\Coding Projects\Automated_Lit_Revs\documents\section3\processed\subsection_2\point_point_4\relevant_entries_parsed.yaml
2024-04-04 11:05:06,956 - __main__ - INFO - Summary file generated: C:\Users\bnsoh2\OneDrive - University of Nebraska-Lincoln\Documents\Coding Projects\Automated_Lit_Revs\documents\section3\processed\subsection_2\summary.txt
2024-04-04 11:05:06,956 - __main__ - WARNING - Parsed entries file not found: C:\Users\bnsoh2\OneDrive - University of Nebraska-Lincoln\Documents\Coding Projects\Automated_Lit_Revs\documents\section3\processed\subsection_5\point_point_4\relevant_entries_parsed.yaml
2024-04-04 11:05:07,053 - __main__ - INFO - Summary file generated: C:\Users\bnsoh2\OneDrive - University of Nebraska-Lincoln\Documents\Coding Projects\Automated_Lit_Revs\documents\section3\processed\subsection_5\summary.txt
2024-04-04 11:07:16,521 - __main__ - INFO - Summary file generated: C:\Users\bnsoh2\OneDrive - University of Nebraska-Lincoln\Documents\Coding Projects\Automated_Lit_Revs\documents\section3\processed\subsection_1\summary.txt
2024-04-04 11:07:16,522 - __main__ - WARNING - Parsed entries file not found: C:\Users\bnsoh2\OneDrive - University of Nebraska-Lincoln\Documents\Coding Projects\Automated_Lit_Revs\documents\section3\processed\subsection_6\point_point_5\relevant_entries_parsed.yaml
2024-04-04 11:07:16,534 - __main__ - WARNING - Parsed entries file not found: C:\Users\bnsoh2\OneDrive - University of Nebraska-Lincoln\Documents\Coding Projects\Automated_Lit_Revs\documents\section3\processed\subsection_6\point_point_1\relevant_entries_parsed.yaml
2024-04-04 11:07:16,535 - __main__ - WARNING - Parsed entries file not found: C:\Users\bnsoh2\OneDrive - University of Nebraska-Lincoln\Documents\Coding Projects\Automated_Lit_Revs\documents\section3\processed\subsection_6\point_point_3\relevant_entries_parsed.yaml
2024-04-04 11:07:16,646 - __main__ - INFO - Summary file generated: C:\Users\bnsoh2\OneDrive - University of Nebraska-Lincoln\Documents\Coding Projects\Automated_Lit_Revs\documents\section3\processed\subsection_6\summary.txt
2024-04-04 11:07:16,726 - __main__ - WARNING - Parsed entries file not found: C:\Users\bnsoh2\OneDrive - University of Nebraska-Lincoln\Documents\Coding Projects\Automated_Lit_Revs\documents\section3\processed\subsection_4\point_point_5\relevant_entries_parsed.yaml
2024-04-04 11:07:16,902 - __main__ - INFO - Summary file generated: C:\Users\bnsoh2\OneDrive - University of Nebraska-Lincoln\Documents\Coding Projects\Automated_Lit_Revs\documents\section3\processed\subsection_4\summary.txt
2024-04-04 11:07:16,976 - __main__ - WARNING - Parsed entries file not found: C:\Users\bnsoh2\OneDrive - University of Nebraska-Lincoln\Documents\Coding Projects\Automated_Lit_Revs\documents\section3\processed\subsection_3\point_point_1\relevant_entries_parsed.yaml
2024-04-04 11:07:16,986 - __main__ - INFO - Summary file generated: C:\Users\bnsoh2\OneDrive - University of Nebraska-Lincoln\Documents\Coding Projects\Automated_Lit_Revs\documents\section3\processed\subsection_3\summary.txt
2024-04-04 11:07:16,993 - __main__ - WARNING - Parsed entries file not found: C:\Users\bnsoh2\OneDrive - University of Nebraska-Lincoln\Documents\Coding Projects\Automated_Lit_Revs\documents\section3\processed\subsection_2\point_point_4\relevant_entries_parsed.yaml
2024-04-04 11:07:17,718 - __main__ - INFO - Summary file generated: C:\Users\bnsoh2\OneDrive - University of Nebraska-Lincoln\Documents\Coding Projects\Automated_Lit_Revs\documents\section3\processed\subsection_2\summary.txt
2024-04-04 11:07:17,719 - __main__ - WARNING - Parsed entries file not found: C:\Users\bnsoh2\OneDrive - University of Nebraska-Lincoln\Documents\Coding Projects\Automated_Lit_Revs\documents\section3\processed\subsection_5\point_point_4\relevant_entries_parsed.yaml
2024-04-04 11:07:17,788 - __main__ - INFO - Summary file generated: C:\Users\bnsoh2\OneDrive - University of Nebraska-Lincoln\Documents\Coding Projects\Automated_Lit_Revs\documents\section3\processed\subsection_5\summary.txt
2024-04-04 11:16:30,962 - __main__ - INFO - Summary file generated: C:\Users\bnsoh2\OneDrive - University of Nebraska-Lincoln\Documents\Coding Projects\Automated_Lit_Revs\documents\section3\processed\subsection_1\summary.txt
2024-04-04 11:16:30,962 - __main__ - WARNING - Parsed entries file not found: C:\Users\bnsoh2\OneDrive - University of Nebraska-Lincoln\Documents\Coding Projects\Automated_Lit_Revs\documents\section3\processed\subsection_6\point_point_5\relevant_entries_parsed.yaml
2024-04-04 11:16:30,976 - __main__ - WARNING - Parsed entries file not found: C:\Users\bnsoh2\OneDrive - University of Nebraska-Lincoln\Documents\Coding Projects\Automated_Lit_Revs\documents\section3\processed\subsection_6\point_point_1\relevant_entries_parsed.yaml
2024-04-04 11:16:30,976 - __main__ - WARNING - Parsed entries file not found: C:\Users\bnsoh2\OneDrive - University of Nebraska-Lincoln\Documents\Coding Projects\Automated_Lit_Revs\documents\section3\processed\subsection_6\point_point_3\relevant_entries_parsed.yaml
2024-04-04 11:16:31,118 - __main__ - INFO - Summary file generated: C:\Users\bnsoh2\OneDrive - University of Nebraska-Lincoln\Documents\Coding Projects\Automated_Lit_Revs\documents\section3\processed\subsection_6\summary.txt
2024-04-04 11:16:31,187 - __main__ - WARNING - Parsed entries file not found: C:\Users\bnsoh2\OneDrive - University of Nebraska-Lincoln\Documents\Coding Projects\Automated_Lit_Revs\documents\section3\processed\subsection_4\point_point_5\relevant_entries_parsed.yaml
2024-04-04 11:16:31,318 - __main__ - INFO - Summary file generated: C:\Users\bnsoh2\OneDrive - University of Nebraska-Lincoln\Documents\Coding Projects\Automated_Lit_Revs\documents\section3\processed\subsection_4\summary.txt
2024-04-04 11:16:31,384 - __main__ - WARNING - Parsed entries file not found: C:\Users\bnsoh2\OneDrive - University of Nebraska-Lincoln\Documents\Coding Projects\Automated_Lit_Revs\documents\section3\processed\subsection_3\point_point_1\relevant_entries_parsed.yaml
2024-04-04 11:16:31,387 - __main__ - INFO - Summary file generated: C:\Users\bnsoh2\OneDrive - University of Nebraska-Lincoln\Documents\Coding Projects\Automated_Lit_Revs\documents\section3\processed\subsection_3\summary.txt
2024-04-04 11:16:31,387 - __main__ - WARNING - Parsed entries file not found: C:\Users\bnsoh2\OneDrive - University of Nebraska-Lincoln\Documents\Coding Projects\Automated_Lit_Revs\documents\section3\processed\subsection_2\point_point_4\relevant_entries_parsed.yaml
2024-04-04 11:16:31,878 - __main__ - INFO - Summary file generated: C:\Users\bnsoh2\OneDrive - University of Nebraska-Lincoln\Documents\Coding Projects\Automated_Lit_Revs\documents\section3\processed\subsection_2\summary.txt
2024-04-04 11:16:31,878 - __main__ - WARNING - Parsed entries file not found: C:\Users\bnsoh2\OneDrive - University of Nebraska-Lincoln\Documents\Coding Projects\Automated_Lit_Revs\documents\section3\processed\subsection_5\point_point_4\relevant_entries_parsed.yaml
2024-04-04 11:16:31,923 - __main__ - INFO - Summary file generated: C:\Users\bnsoh2\OneDrive - University of Nebraska-Lincoln\Documents\Coding Projects\Automated_Lit_Revs\documents\section3\processed\subsection_5\summary.txt
2024-04-04 11:33:52,566 - __main__ - INFO - Summary file generated: C:\Users\bnsoh2\OneDrive - University of Nebraska-Lincoln\Documents\Coding Projects\Automated_Lit_Revs\documents\section3\processed\subsection_1\summary.txt
2024-04-04 11:33:52,568 - __main__ - WARNING - Parsed entries file not found: C:\Users\bnsoh2\OneDrive - University of Nebraska-Lincoln\Documents\Coding Projects\Automated_Lit_Revs\documents\section3\processed\subsection_6\point_point_5\relevant_entries_parsed.yaml
2024-04-04 11:33:52,578 - __main__ - WARNING - Parsed entries file not found: C:\Users\bnsoh2\OneDrive - University of Nebraska-Lincoln\Documents\Coding Projects\Automated_Lit_Revs\documents\section3\processed\subsection_6\point_point_1\relevant_entries_parsed.yaml
2024-04-04 11:33:52,579 - __main__ - WARNING - Parsed entries file not found: C:\Users\bnsoh2\OneDrive - University of Nebraska-Lincoln\Documents\Coding Projects\Automated_Lit_Revs\documents\section3\processed\subsection_6\point_point_3\relevant_entries_parsed.yaml
2024-04-04 11:33:52,655 - __main__ - INFO - Summary file generated: C:\Users\bnsoh2\OneDrive - University of Nebraska-Lincoln\Documents\Coding Projects\Automated_Lit_Revs\documents\section3\processed\subsection_6\summary.txt
2024-04-04 11:33:52,737 - __main__ - WARNING - Parsed entries file not found: C:\Users\bnsoh2\OneDrive - University of Nebraska-Lincoln\Documents\Coding Projects\Automated_Lit_Revs\documents\section3\processed\subsection_4\point_point_5\relevant_entries_parsed.yaml
2024-04-04 11:33:52,870 - __main__ - INFO - Summary file generated: C:\Users\bnsoh2\OneDrive - University of Nebraska-Lincoln\Documents\Coding Projects\Automated_Lit_Revs\documents\section3\processed\subsection_4\summary.txt
2024-04-04 11:33:52,922 - __main__ - WARNING - Parsed entries file not found: C:\Users\bnsoh2\OneDrive - University of Nebraska-Lincoln\Documents\Coding Projects\Automated_Lit_Revs\documents\section3\processed\subsection_3\point_point_1\relevant_entries_parsed.yaml
2024-04-04 11:33:52,922 - __main__ - INFO - Summary file generated: C:\Users\bnsoh2\OneDrive - University of Nebraska-Lincoln\Documents\Coding Projects\Automated_Lit_Revs\documents\section3\processed\subsection_3\summary.txt
2024-04-04 11:33:52,932 - __main__ - WARNING - Parsed entries file not found: C:\Users\bnsoh2\OneDrive - University of Nebraska-Lincoln\Documents\Coding Projects\Automated_Lit_Revs\documents\section3\processed\subsection_2\point_point_4\relevant_entries_parsed.yaml
2024-04-04 11:33:53,411 - __main__ - INFO - Summary file generated: C:\Users\bnsoh2\OneDrive - University of Nebraska-Lincoln\Documents\Coding Projects\Automated_Lit_Revs\documents\section3\processed\subsection_2\summary.txt
2024-04-04 11:33:53,411 - __main__ - WARNING - Parsed entries file not found: C:\Users\bnsoh2\OneDrive - University of Nebraska-Lincoln\Documents\Coding Projects\Automated_Lit_Revs\documents\section3\processed\subsection_5\point_point_4\relevant_entries_parsed.yaml
2024-04-04 11:33:53,459 - __main__ - INFO - Summary file generated: C:\Users\bnsoh2\OneDrive - University of Nebraska-Lincoln\Documents\Coding Projects\Automated_Lit_Revs\documents\section3\processed\subsection_5\summary.txt
2024-04-04 11:43:48,894 - __main__ - INFO - Summary file generated: C:\Users\bnsoh2\OneDrive - University of Nebraska-Lincoln\Documents\Coding Projects\Automated_Lit_Revs\documents\section3\processed\subsection_1\summary.txt
2024-04-04 11:43:48,904 - __main__ - WARNING - Parsed entries file not found: C:\Users\bnsoh2\OneDrive - University of Nebraska-Lincoln\Documents\Coding Projects\Automated_Lit_Revs\documents\section3\processed\subsection_6\point_point_5\relevant_entries_parsed.yaml
2024-04-04 11:43:48,911 - __main__ - WARNING - Parsed entries file not found: C:\Users\bnsoh2\OneDrive - University of Nebraska-Lincoln\Documents\Coding Projects\Automated_Lit_Revs\documents\section3\processed\subsection_6\point_point_1\relevant_entries_parsed.yaml
2024-04-04 11:43:48,911 - __main__ - WARNING - Parsed entries file not found: C:\Users\bnsoh2\OneDrive - University of Nebraska-Lincoln\Documents\Coding Projects\Automated_Lit_Revs\documents\section3\processed\subsection_6\point_point_3\relevant_entries_parsed.yaml
2024-04-04 11:43:48,991 - __main__ - INFO - Summary file generated: C:\Users\bnsoh2\OneDrive - University of Nebraska-Lincoln\Documents\Coding Projects\Automated_Lit_Revs\documents\section3\processed\subsection_6\summary.txt
2024-04-04 11:43:49,059 - __main__ - WARNING - Parsed entries file not found: C:\Users\bnsoh2\OneDrive - University of Nebraska-Lincoln\Documents\Coding Projects\Automated_Lit_Revs\documents\section3\processed\subsection_4\point_point_5\relevant_entries_parsed.yaml
2024-04-04 11:43:49,187 - __main__ - INFO - Summary file generated: C:\Users\bnsoh2\OneDrive - University of Nebraska-Lincoln\Documents\Coding Projects\Automated_Lit_Revs\documents\section3\processed\subsection_4\summary.txt
2024-04-04 11:43:49,242 - __main__ - WARNING - Parsed entries file not found: C:\Users\bnsoh2\OneDrive - University of Nebraska-Lincoln\Documents\Coding Projects\Automated_Lit_Revs\documents\section3\processed\subsection_3\point_point_1\relevant_entries_parsed.yaml
2024-04-04 11:43:49,242 - __main__ - INFO - Summary file generated: C:\Users\bnsoh2\OneDrive - University of Nebraska-Lincoln\Documents\Coding Projects\Automated_Lit_Revs\documents\section3\processed\subsection_3\summary.txt
2024-04-04 11:43:49,242 - __main__ - WARNING - Parsed entries file not found: C:\Users\bnsoh2\OneDrive - University of Nebraska-Lincoln\Documents\Coding Projects\Automated_Lit_Revs\documents\section3\processed\subsection_2\point_point_4\relevant_entries_parsed.yaml
2024-04-04 11:43:49,727 - __main__ - INFO - Summary file generated: C:\Users\bnsoh2\OneDrive - University of Nebraska-Lincoln\Documents\Coding Projects\Automated_Lit_Revs\documents\section3\processed\subsection_2\summary.txt
2024-04-04 11:43:49,728 - __main__ - WARNING - Parsed entries file not found: C:\Users\bnsoh2\OneDrive - University of Nebraska-Lincoln\Documents\Coding Projects\Automated_Lit_Revs\documents\section3\processed\subsection_5\point_point_4\relevant_entries_parsed.yaml
2024-04-04 11:43:49,776 - __main__ - INFO - Summary file generated: C:\Users\bnsoh2\OneDrive - University of Nebraska-Lincoln\Documents\Coding Projects\Automated_Lit_Revs\documents\section3\processed\subsection_5\summary.txt
2024-04-04 11:45:05,452 - __main__ - INFO - Summary file generated: C:\Users\bnsoh2\OneDrive - University of Nebraska-Lincoln\Documents\Coding Projects\Automated_Lit_Revs\documents\section3\processed\subsection_1\summary.txt
2024-04-04 11:45:05,454 - __main__ - WARNING - Parsed entries file not found: C:\Users\bnsoh2\OneDrive - University of Nebraska-Lincoln\Documents\Coding Projects\Automated_Lit_Revs\documents\section3\processed\subsection_6\point_point_5\relevant_entries_parsed.yaml
2024-04-04 11:45:05,461 - __main__ - WARNING - Parsed entries file not found: C:\Users\bnsoh2\OneDrive - University of Nebraska-Lincoln\Documents\Coding Projects\Automated_Lit_Revs\documents\section3\processed\subsection_6\point_point_1\relevant_entries_parsed.yaml
2024-04-04 11:45:05,461 - __main__ - WARNING - Parsed entries file not found: C:\Users\bnsoh2\OneDrive - University of Nebraska-Lincoln\Documents\Coding Projects\Automated_Lit_Revs\documents\section3\processed\subsection_6\point_point_3\relevant_entries_parsed.yaml
2024-04-04 11:45:05,549 - __main__ - INFO - Summary file generated: C:\Users\bnsoh2\OneDrive - University of Nebraska-Lincoln\Documents\Coding Projects\Automated_Lit_Revs\documents\section3\processed\subsection_6\summary.txt
2024-04-04 11:45:05,612 - __main__ - WARNING - Parsed entries file not found: C:\Users\bnsoh2\OneDrive - University of Nebraska-Lincoln\Documents\Coding Projects\Automated_Lit_Revs\documents\section3\processed\subsection_4\point_point_5\relevant_entries_parsed.yaml
2024-04-04 11:45:05,746 - __main__ - INFO - Summary file generated: C:\Users\bnsoh2\OneDrive - University of Nebraska-Lincoln\Documents\Coding Projects\Automated_Lit_Revs\documents\section3\processed\subsection_4\summary.txt
2024-04-04 11:45:05,803 - __main__ - WARNING - Parsed entries file not found: C:\Users\bnsoh2\OneDrive - University of Nebraska-Lincoln\Documents\Coding Projects\Automated_Lit_Revs\documents\section3\processed\subsection_3\point_point_1\relevant_entries_parsed.yaml
2024-04-04 11:45:05,806 - __main__ - INFO - Summary file generated: C:\Users\bnsoh2\OneDrive - University of Nebraska-Lincoln\Documents\Coding Projects\Automated_Lit_Revs\documents\section3\processed\subsection_3\summary.txt
2024-04-04 11:45:05,812 - __main__ - WARNING - Parsed entries file not found: C:\Users\bnsoh2\OneDrive - University of Nebraska-Lincoln\Documents\Coding Projects\Automated_Lit_Revs\documents\section3\processed\subsection_2\point_point_4\relevant_entries_parsed.yaml
2024-04-04 11:45:06,290 - __main__ - INFO - Summary file generated: C:\Users\bnsoh2\OneDrive - University of Nebraska-Lincoln\Documents\Coding Projects\Automated_Lit_Revs\documents\section3\processed\subsection_2\summary.txt
2024-04-04 11:45:06,291 - __main__ - WARNING - Parsed entries file not found: C:\Users\bnsoh2\OneDrive - University of Nebraska-Lincoln\Documents\Coding Projects\Automated_Lit_Revs\documents\section3\processed\subsection_5\point_point_4\relevant_entries_parsed.yaml
2024-04-04 11:45:06,344 - __main__ - INFO - Summary file generated: C:\Users\bnsoh2\OneDrive - University of Nebraska-Lincoln\Documents\Coding Projects\Automated_Lit_Revs\documents\section3\processed\subsection_5\summary.txt
2024-04-04 11:46:40,795 - __main__ - INFO - Summary file generated: C:\Users\bnsoh2\OneDrive - University of Nebraska-Lincoln\Documents\Coding Projects\Automated_Lit_Revs\documents\section3\processed\subsection_1\summary.txt
2024-04-04 11:46:40,795 - __main__ - WARNING - Parsed entries file not found: C:\Users\bnsoh2\OneDrive - University of Nebraska-Lincoln\Documents\Coding Projects\Automated_Lit_Revs\documents\section3\processed\subsection_6\point_point_5\relevant_entries_parsed.yaml
2024-04-04 11:46:40,809 - __main__ - WARNING - Parsed entries file not found: C:\Users\bnsoh2\OneDrive - University of Nebraska-Lincoln\Documents\Coding Projects\Automated_Lit_Revs\documents\section3\processed\subsection_6\point_point_1\relevant_entries_parsed.yaml
2024-04-04 11:46:40,810 - __main__ - WARNING - Parsed entries file not found: C:\Users\bnsoh2\OneDrive - University of Nebraska-Lincoln\Documents\Coding Projects\Automated_Lit_Revs\documents\section3\processed\subsection_6\point_point_3\relevant_entries_parsed.yaml
2024-04-04 11:46:40,895 - __main__ - INFO - Summary file generated: C:\Users\bnsoh2\OneDrive - University of Nebraska-Lincoln\Documents\Coding Projects\Automated_Lit_Revs\documents\section3\processed\subsection_6\summary.txt
2024-04-04 11:46:40,962 - __main__ - WARNING - Parsed entries file not found: C:\Users\bnsoh2\OneDrive - University of Nebraska-Lincoln\Documents\Coding Projects\Automated_Lit_Revs\documents\section3\processed\subsection_4\point_point_5\relevant_entries_parsed.yaml
2024-04-04 11:46:41,078 - __main__ - INFO - Summary file generated: C:\Users\bnsoh2\OneDrive - University of Nebraska-Lincoln\Documents\Coding Projects\Automated_Lit_Revs\documents\section3\processed\subsection_4\summary.txt
2024-04-04 11:46:41,133 - __main__ - WARNING - Parsed entries file not found: C:\Users\bnsoh2\OneDrive - University of Nebraska-Lincoln\Documents\Coding Projects\Automated_Lit_Revs\documents\section3\processed\subsection_3\point_point_1\relevant_entries_parsed.yaml
2024-04-04 11:46:41,144 - __main__ - INFO - Summary file generated: C:\Users\bnsoh2\OneDrive - University of Nebraska-Lincoln\Documents\Coding Projects\Automated_Lit_Revs\documents\section3\processed\subsection_3\summary.txt
2024-04-04 11:46:41,148 - __main__ - WARNING - Parsed entries file not found: C:\Users\bnsoh2\OneDrive - University of Nebraska-Lincoln\Documents\Coding Projects\Automated_Lit_Revs\documents\section3\processed\subsection_2\point_point_4\relevant_entries_parsed.yaml
2024-04-04 11:46:41,621 - __main__ - INFO - Summary file generated: C:\Users\bnsoh2\OneDrive - University of Nebraska-Lincoln\Documents\Coding Projects\Automated_Lit_Revs\documents\section3\processed\subsection_2\summary.txt
2024-04-04 11:46:41,628 - __main__ - WARNING - Parsed entries file not found: C:\Users\bnsoh2\OneDrive - University of Nebraska-Lincoln\Documents\Coding Projects\Automated_Lit_Revs\documents\section3\processed\subsection_5\point_point_4\relevant_entries_parsed.yaml
2024-04-04 11:46:41,680 - __main__ - INFO - Summary file generated: C:\Users\bnsoh2\OneDrive - University of Nebraska-Lincoln\Documents\Coding Projects\Automated_Lit_Revs\documents\section3\processed\subsection_5\summary.txt
2024-04-04 11:51:54,383 - __main__ - INFO - Summary file generated: C:\Users\bnsoh2\OneDrive - University of Nebraska-Lincoln\Documents\Coding Projects\Automated_Lit_Revs\documents\section3\processed\subsection_1\summary.txt
2024-04-04 11:51:54,383 - __main__ - WARNING - Parsed entries file not found: C:\Users\bnsoh2\OneDrive - University of Nebraska-Lincoln\Documents\Coding Projects\Automated_Lit_Revs\documents\section3\processed\subsection_6\point_point_5\relevant_entries_parsed.yaml
2024-04-04 11:51:54,399 - __main__ - WARNING - Parsed entries file not found: C:\Users\bnsoh2\OneDrive - University of Nebraska-Lincoln\Documents\Coding Projects\Automated_Lit_Revs\documents\section3\processed\subsection_6\point_point_1\relevant_entries_parsed.yaml
2024-04-04 11:51:54,399 - __main__ - WARNING - Parsed entries file not found: C:\Users\bnsoh2\OneDrive - University of Nebraska-Lincoln\Documents\Coding Projects\Automated_Lit_Revs\documents\section3\processed\subsection_6\point_point_3\relevant_entries_parsed.yaml
2024-04-04 11:51:54,483 - __main__ - INFO - Summary file generated: C:\Users\bnsoh2\OneDrive - University of Nebraska-Lincoln\Documents\Coding Projects\Automated_Lit_Revs\documents\section3\processed\subsection_6\summary.txt
2024-04-04 11:51:54,549 - __main__ - WARNING - Parsed entries file not found: C:\Users\bnsoh2\OneDrive - University of Nebraska-Lincoln\Documents\Coding Projects\Automated_Lit_Revs\documents\section3\processed\subsection_4\point_point_5\relevant_entries_parsed.yaml
2024-04-04 11:51:54,683 - __main__ - INFO - Summary file generated: C:\Users\bnsoh2\OneDrive - University of Nebraska-Lincoln\Documents\Coding Projects\Automated_Lit_Revs\documents\section3\processed\subsection_4\summary.txt
2024-04-04 11:51:54,734 - __main__ - WARNING - Parsed entries file not found: C:\Users\bnsoh2\OneDrive - University of Nebraska-Lincoln\Documents\Coding Projects\Automated_Lit_Revs\documents\section3\processed\subsection_3\point_point_1\relevant_entries_parsed.yaml
2024-04-04 11:51:54,734 - __main__ - INFO - Summary file generated: C:\Users\bnsoh2\OneDrive - University of Nebraska-Lincoln\Documents\Coding Projects\Automated_Lit_Revs\documents\section3\processed\subsection_3\summary.txt
2024-04-04 11:51:54,745 - __main__ - WARNING - Parsed entries file not found: C:\Users\bnsoh2\OneDrive - University of Nebraska-Lincoln\Documents\Coding Projects\Automated_Lit_Revs\documents\section3\processed\subsection_2\point_point_4\relevant_entries_parsed.yaml
2024-04-04 11:51:55,224 - __main__ - INFO - Summary file generated: C:\Users\bnsoh2\OneDrive - University of Nebraska-Lincoln\Documents\Coding Projects\Automated_Lit_Revs\documents\section3\processed\subsection_2\summary.txt
2024-04-04 11:51:55,224 - __main__ - WARNING - Parsed entries file not found: C:\Users\bnsoh2\OneDrive - University of Nebraska-Lincoln\Documents\Coding Projects\Automated_Lit_Revs\documents\section3\processed\subsection_5\point_point_4\relevant_entries_parsed.yaml
2024-04-04 11:51:55,271 - __main__ - INFO - Summary file generated: C:\Users\bnsoh2\OneDrive - University of Nebraska-Lincoln\Documents\Coding Projects\Automated_Lit_Revs\documents\section3\processed\subsection_5\summary.txt
2024-04-04 11:53:06,872 - __main__ - INFO - Summary file generated: C:\Users\bnsoh2\OneDrive - University of Nebraska-Lincoln\Documents\Coding Projects\Automated_Lit_Revs\documents\section3\processed\subsection_1\summary.txt
2024-04-04 11:53:06,872 - __main__ - WARNING - Parsed entries file not found: C:\Users\bnsoh2\OneDrive - University of Nebraska-Lincoln\Documents\Coding Projects\Automated_Lit_Revs\documents\section3\processed\subsection_6\point_point_5\relevant_entries_parsed.yaml
2024-04-04 11:53:06,891 - __main__ - WARNING - Parsed entries file not found: C:\Users\bnsoh2\OneDrive - University of Nebraska-Lincoln\Documents\Coding Projects\Automated_Lit_Revs\documents\section3\processed\subsection_6\point_point_1\relevant_entries_parsed.yaml
2024-04-04 11:53:06,893 - __main__ - WARNING - Parsed entries file not found: C:\Users\bnsoh2\OneDrive - University of Nebraska-Lincoln\Documents\Coding Projects\Automated_Lit_Revs\documents\section3\processed\subsection_6\point_point_3\relevant_entries_parsed.yaml
2024-04-04 11:53:06,978 - __main__ - INFO - Summary file generated: C:\Users\bnsoh2\OneDrive - University of Nebraska-Lincoln\Documents\Coding Projects\Automated_Lit_Revs\documents\section3\processed\subsection_6\summary.txt
2024-04-04 11:53:07,035 - __main__ - WARNING - Parsed entries file not found: C:\Users\bnsoh2\OneDrive - University of Nebraska-Lincoln\Documents\Coding Projects\Automated_Lit_Revs\documents\section3\processed\subsection_4\point_point_5\relevant_entries_parsed.yaml
2024-04-04 11:53:07,168 - __main__ - INFO - Summary file generated: C:\Users\bnsoh2\OneDrive - University of Nebraska-Lincoln\Documents\Coding Projects\Automated_Lit_Revs\documents\section3\processed\subsection_4\summary.txt
2024-04-04 11:53:07,227 - __main__ - WARNING - Parsed entries file not found: C:\Users\bnsoh2\OneDrive - University of Nebraska-Lincoln\Documents\Coding Projects\Automated_Lit_Revs\documents\section3\processed\subsection_3\point_point_1\relevant_entries_parsed.yaml
2024-04-04 11:53:07,232 - __main__ - INFO - Summary file generated: C:\Users\bnsoh2\OneDrive - University of Nebraska-Lincoln\Documents\Coding Projects\Automated_Lit_Revs\documents\section3\processed\subsection_3\summary.txt
2024-04-04 11:53:07,236 - __main__ - WARNING - Parsed entries file not found: C:\Users\bnsoh2\OneDrive - University of Nebraska-Lincoln\Documents\Coding Projects\Automated_Lit_Revs\documents\section3\processed\subsection_2\point_point_4\relevant_entries_parsed.yaml
2024-04-04 11:53:07,722 - __main__ - INFO - Summary file generated: C:\Users\bnsoh2\OneDrive - University of Nebraska-Lincoln\Documents\Coding Projects\Automated_Lit_Revs\documents\section3\processed\subsection_2\summary.txt
2024-04-04 11:53:07,723 - __main__ - WARNING - Parsed entries file not found: C:\Users\bnsoh2\OneDrive - University of Nebraska-Lincoln\Documents\Coding Projects\Automated_Lit_Revs\documents\section3\processed\subsection_5\point_point_4\relevant_entries_parsed.yaml
2024-04-04 11:53:07,769 - __main__ - INFO - Summary file generated: C:\Users\bnsoh2\OneDrive - University of Nebraska-Lincoln\Documents\Coding Projects\Automated_Lit_Revs\documents\section3\processed\subsection_5\summary.txt
2024-04-04 12:10:29,584 - __main__ - INFO - Summary file generated: C:\Users\bnsoh2\OneDrive - University of Nebraska-Lincoln\Documents\Coding Projects\Automated_Lit_Revs\documents\section3\processed\subsection_1\summary.txt
2024-04-04 12:10:29,584 - __main__ - WARNING - Parsed entries file not found: C:\Users\bnsoh2\OneDrive - University of Nebraska-Lincoln\Documents\Coding Projects\Automated_Lit_Revs\documents\section3\processed\subsection_6\point_point_5\relevant_entries_parsed.yaml
2024-04-04 12:10:29,598 - __main__ - WARNING - Parsed entries file not found: C:\Users\bnsoh2\OneDrive - University of Nebraska-Lincoln\Documents\Coding Projects\Automated_Lit_Revs\documents\section3\processed\subsection_6\point_point_1\relevant_entries_parsed.yaml
2024-04-04 12:10:29,599 - __main__ - WARNING - Parsed entries file not found: C:\Users\bnsoh2\OneDrive - University of Nebraska-Lincoln\Documents\Coding Projects\Automated_Lit_Revs\documents\section3\processed\subsection_6\point_point_3\relevant_entries_parsed.yaml
2024-04-04 12:10:29,681 - __main__ - INFO - Summary file generated: C:\Users\bnsoh2\OneDrive - University of Nebraska-Lincoln\Documents\Coding Projects\Automated_Lit_Revs\documents\section3\processed\subsection_6\summary.txt
2024-04-04 12:10:29,750 - __main__ - WARNING - Parsed entries file not found: C:\Users\bnsoh2\OneDrive - University of Nebraska-Lincoln\Documents\Coding Projects\Automated_Lit_Revs\documents\section3\processed\subsection_4\point_point_5\relevant_entries_parsed.yaml
2024-04-04 12:10:29,868 - __main__ - INFO - Summary file generated: C:\Users\bnsoh2\OneDrive - University of Nebraska-Lincoln\Documents\Coding Projects\Automated_Lit_Revs\documents\section3\processed\subsection_4\summary.txt
2024-04-04 12:10:29,938 - __main__ - WARNING - Parsed entries file not found: C:\Users\bnsoh2\OneDrive - University of Nebraska-Lincoln\Documents\Coding Projects\Automated_Lit_Revs\documents\section3\processed\subsection_3\point_point_1\relevant_entries_parsed.yaml
2024-04-04 12:10:29,938 - __main__ - INFO - Summary file generated: C:\Users\bnsoh2\OneDrive - University of Nebraska-Lincoln\Documents\Coding Projects\Automated_Lit_Revs\documents\section3\processed\subsection_3\summary.txt
2024-04-04 12:10:29,938 - __main__ - WARNING - Parsed entries file not found: C:\Users\bnsoh2\OneDrive - University of Nebraska-Lincoln\Documents\Coding Projects\Automated_Lit_Revs\documents\section3\processed\subsection_2\point_point_4\relevant_entries_parsed.yaml
2024-04-04 12:10:30,425 - __main__ - INFO - Summary file generated: C:\Users\bnsoh2\OneDrive - University of Nebraska-Lincoln\Documents\Coding Projects\Automated_Lit_Revs\documents\section3\processed\subsection_2\summary.txt
2024-04-04 12:10:30,425 - __main__ - WARNING - Parsed entries file not found: C:\Users\bnsoh2\OneDrive - University of Nebraska-Lincoln\Documents\Coding Projects\Automated_Lit_Revs\documents\section3\processed\subsection_5\point_point_4\relevant_entries_parsed.yaml
2024-04-04 12:10:30,491 - __main__ - INFO - Summary file generated: C:\Users\bnsoh2\OneDrive - University of Nebraska-Lincoln\Documents\Coding Projects\Automated_Lit_Revs\documents\section3\processed\subsection_5\summary.txt
2024-04-04 12:12:55,453 - __main__ - INFO - Summary file generated: C:\Users\bnsoh2\OneDrive - University of Nebraska-Lincoln\Documents\Coding Projects\Automated_Lit_Revs\documents\section3\processed\subsection_1\summary.txt
2024-04-04 12:12:55,454 - __main__ - WARNING - Parsed entries file not found: C:\Users\bnsoh2\OneDrive - University of Nebraska-Lincoln\Documents\Coding Projects\Automated_Lit_Revs\documents\section3\processed\subsection_6\point_point_5\relevant_entries_parsed.yaml
2024-04-04 12:12:55,465 - __main__ - WARNING - Parsed entries file not found: C:\Users\bnsoh2\OneDrive - University of Nebraska-Lincoln\Documents\Coding Projects\Automated_Lit_Revs\documents\section3\processed\subsection_6\point_point_1\relevant_entries_parsed.yaml
2024-04-04 12:12:55,466 - __main__ - WARNING - Parsed entries file not found: C:\Users\bnsoh2\OneDrive - University of Nebraska-Lincoln\Documents\Coding Projects\Automated_Lit_Revs\documents\section3\processed\subsection_6\point_point_3\relevant_entries_parsed.yaml
2024-04-04 12:12:55,547 - __main__ - INFO - Summary file generated: C:\Users\bnsoh2\OneDrive - University of Nebraska-Lincoln\Documents\Coding Projects\Automated_Lit_Revs\documents\section3\processed\subsection_6\summary.txt
2024-04-04 12:12:55,620 - __main__ - WARNING - Parsed entries file not found: C:\Users\bnsoh2\OneDrive - University of Nebraska-Lincoln\Documents\Coding Projects\Automated_Lit_Revs\documents\section3\processed\subsection_4\point_point_5\relevant_entries_parsed.yaml
2024-04-04 12:12:55,746 - __main__ - INFO - Summary file generated: C:\Users\bnsoh2\OneDrive - University of Nebraska-Lincoln\Documents\Coding Projects\Automated_Lit_Revs\documents\section3\processed\subsection_4\summary.txt
2024-04-04 12:12:55,814 - __main__ - WARNING - Parsed entries file not found: C:\Users\bnsoh2\OneDrive - University of Nebraska-Lincoln\Documents\Coding Projects\Automated_Lit_Revs\documents\section3\processed\subsection_3\point_point_1\relevant_entries_parsed.yaml
2024-04-04 12:12:55,820 - __main__ - INFO - Summary file generated: C:\Users\bnsoh2\OneDrive - University of Nebraska-Lincoln\Documents\Coding Projects\Automated_Lit_Revs\documents\section3\processed\subsection_3\summary.txt
2024-04-04 12:12:55,820 - __main__ - WARNING - Parsed entries file not found: C:\Users\bnsoh2\OneDrive - University of Nebraska-Lincoln\Documents\Coding Projects\Automated_Lit_Revs\documents\section3\processed\subsection_2\point_point_4\relevant_entries_parsed.yaml
2024-04-04 12:12:56,337 - __main__ - INFO - Summary file generated: C:\Users\bnsoh2\OneDrive - University of Nebraska-Lincoln\Documents\Coding Projects\Automated_Lit_Revs\documents\section3\processed\subsection_2\summary.txt
2024-04-04 12:12:56,337 - __main__ - WARNING - Parsed entries file not found: C:\Users\bnsoh2\OneDrive - University of Nebraska-Lincoln\Documents\Coding Projects\Automated_Lit_Revs\documents\section3\processed\subsection_5\point_point_4\relevant_entries_parsed.yaml
2024-04-04 12:12:56,396 - __main__ - INFO - Summary file generated: C:\Users\bnsoh2\OneDrive - University of Nebraska-Lincoln\Documents\Coding Projects\Automated_Lit_Revs\documents\section3\processed\subsection_5\summary.txt
